<?xml version="1.0" encoding="UTF-8"?>
<testsuite xmlns:xsi="http://www.w3.org/2001/XMLSchema-instance" xsi:noNamespaceSchemaLocation="https://maven.apache.org/surefire/maven-surefire-plugin/xsd/surefire-test-report.xsd" name="com.example.AppTest" time="0.759" tests="3" errors="3" skipped="0" failures="0">
  <properties>
    <property name="awt.toolkit" value="sun.awt.X11.XToolkit"/>
    <property name="java.specification.version" value="11"/>
    <property name="sun.cpu.isalist" value=""/>
    <property name="sun.jnu.encoding" value="UTF-8"/>
    <property name="java.class.path" value="/home/coder/project/workspace/my-spring-project/target/test-classes:/home/coder/project/workspace/my-spring-project/target/classes:/home/coder/.m2/repository/org/springframework/spring-core/5.2.9.RELEASE/spring-core-5.2.9.RELEASE.jar:/home/coder/.m2/repository/org/springframework/spring-jcl/5.2.9.RELEASE/spring-jcl-5.2.9.RELEASE.jar:/home/coder/.m2/repository/org/springframework/spring-context/5.2.9.RELEASE/spring-context-5.2.9.RELEASE.jar:/home/coder/.m2/repository/org/springframework/spring-aop/5.2.9.RELEASE/spring-aop-5.2.9.RELEASE.jar:/home/coder/.m2/repository/org/springframework/spring-beans/5.2.9.RELEASE/spring-beans-5.2.9.RELEASE.jar:/home/coder/.m2/repository/org/springframework/spring-expression/5.2.9.RELEASE/spring-expression-5.2.9.RELEASE.jar:/home/coder/.m2/repository/org/springframework/spring-webmvc/5.2.9.RELEASE/spring-webmvc-5.2.9.RELEASE.jar:/home/coder/.m2/repository/org/springframework/spring-web/5.2.9.RELEASE/spring-web-5.2.9.RELEASE.jar:/home/coder/.m2/repository/org/springframework/security/spring-security-web/5.2.9.RELEASE/spring-security-web-5.2.9.RELEASE.jar:/home/coder/.m2/repository/org/springframework/security/spring-security-core/5.2.9.RELEASE/spring-security-core-5.2.9.RELEASE.jar:/home/coder/.m2/repository/org/springframework/security/spring-security-config/5.2.9.RELEASE/spring-security-config-5.2.9.RELEASE.jar:/home/coder/.m2/repository/javax/servlet/javax.servlet-api/4.0.1/javax.servlet-api-4.0.1.jar:/home/coder/.m2/repository/jstl/jstl/1.2/jstl-1.2.jar:/home/coder/.m2/repository/org/springframework/spring-test/5.2.9.RELEASE/spring-test-5.2.9.RELEASE.jar:/home/coder/.m2/repository/junit/junit/4.12/junit-4.12.jar:/home/coder/.m2/repository/org/hamcrest/hamcrest-core/1.3/hamcrest-core-1.3.jar:/home/coder/.m2/repository/org/hamcrest/hamcrest-all/1.3/hamcrest-all-1.3.jar:/home/coder/.m2/repository/org/springframework/security/spring-security-test/5.2.9.RELEASE/spring-security-test-5.2.9.RELEASE.jar:"/>
    <property name="java.vm.vendor" value="Debian"/>
    <property name="sun.arch.data.model" value="64"/>
    <property name="java.vendor.url" value="https://tracker.debian.org/openjdk-11"/>
    <property name="user.timezone" value=""/>
    <property name="java.vm.specification.version" value="11"/>
    <property name="os.name" value="Linux"/>
    <property name="sun.java.launcher" value="SUN_STANDARD"/>
    <property name="user.country" value="US"/>
    <property name="sun.boot.library.path" value="/usr/lib/jvm/java-11-openjdk-amd64/lib"/>
    <property name="sun.java.command" value="/home/coder/project/workspace/my-spring-project/target/surefire/surefirebooter17616111111185397706.jar /home/coder/project/workspace/my-spring-project/target/surefire 2023-09-30T07-38-25_550-jvmRun1 surefire12613398240289767092tmp surefire_07108594188975091064tmp"/>
    <property name="jdk.debug" value="release"/>
    <property name="surefire.test.class.path" value="/home/coder/project/workspace/my-spring-project/target/test-classes:/home/coder/project/workspace/my-spring-project/target/classes:/home/coder/.m2/repository/org/springframework/spring-core/5.2.9.RELEASE/spring-core-5.2.9.RELEASE.jar:/home/coder/.m2/repository/org/springframework/spring-jcl/5.2.9.RELEASE/spring-jcl-5.2.9.RELEASE.jar:/home/coder/.m2/repository/org/springframework/spring-context/5.2.9.RELEASE/spring-context-5.2.9.RELEASE.jar:/home/coder/.m2/repository/org/springframework/spring-aop/5.2.9.RELEASE/spring-aop-5.2.9.RELEASE.jar:/home/coder/.m2/repository/org/springframework/spring-beans/5.2.9.RELEASE/spring-beans-5.2.9.RELEASE.jar:/home/coder/.m2/repository/org/springframework/spring-expression/5.2.9.RELEASE/spring-expression-5.2.9.RELEASE.jar:/home/coder/.m2/repository/org/springframework/spring-webmvc/5.2.9.RELEASE/spring-webmvc-5.2.9.RELEASE.jar:/home/coder/.m2/repository/org/springframework/spring-web/5.2.9.RELEASE/spring-web-5.2.9.RELEASE.jar:/home/coder/.m2/repository/org/springframework/security/spring-security-web/5.2.9.RELEASE/spring-security-web-5.2.9.RELEASE.jar:/home/coder/.m2/repository/org/springframework/security/spring-security-core/5.2.9.RELEASE/spring-security-core-5.2.9.RELEASE.jar:/home/coder/.m2/repository/org/springframework/security/spring-security-config/5.2.9.RELEASE/spring-security-config-5.2.9.RELEASE.jar:/home/coder/.m2/repository/javax/servlet/javax.servlet-api/4.0.1/javax.servlet-api-4.0.1.jar:/home/coder/.m2/repository/jstl/jstl/1.2/jstl-1.2.jar:/home/coder/.m2/repository/org/springframework/spring-test/5.2.9.RELEASE/spring-test-5.2.9.RELEASE.jar:/home/coder/.m2/repository/junit/junit/4.12/junit-4.12.jar:/home/coder/.m2/repository/org/hamcrest/hamcrest-core/1.3/hamcrest-core-1.3.jar:/home/coder/.m2/repository/org/hamcrest/hamcrest-all/1.3/hamcrest-all-1.3.jar:/home/coder/.m2/repository/org/springframework/security/spring-security-test/5.2.9.RELEASE/spring-security-test-5.2.9.RELEASE.jar:"/>
    <property name="sun.cpu.endian" value="little"/>
    <property name="user.home" value="/home/coder"/>
    <property name="user.language" value="en"/>
    <property name="java.specification.vendor" value="Oracle Corporation"/>
    <property name="java.version.date" value="2023-01-17"/>
    <property name="java.home" value="/usr/lib/jvm/java-11-openjdk-amd64"/>
    <property name="file.separator" value="/"/>
    <property name="basedir" value="/home/coder/project/workspace/my-spring-project"/>
    <property name="java.vm.compressedOopsMode" value="32-bit"/>
    <property name="line.separator" value="&#10;"/>
    <property name="java.specification.name" value="Java Platform API Specification"/>
    <property name="java.vm.specification.vendor" value="Oracle Corporation"/>
    <property name="java.awt.graphicsenv" value="sun.awt.X11GraphicsEnvironment"/>
    <property name="surefire.real.class.path" value="/home/coder/project/workspace/my-spring-project/target/surefire/surefirebooter17616111111185397706.jar"/>
    <property name="sun.management.compiler" value="HotSpot 64-Bit Tiered Compilers"/>
    <property name="java.runtime.version" value="11.0.18+10-post-Debian-1deb11u1"/>
    <property name="user.name" value="coder"/>
    <property name="path.separator" value=":"/>
    <property name="os.version" value="5.15.107+"/>
    <property name="java.runtime.name" value="OpenJDK Runtime Environment"/>
    <property name="file.encoding" value="UTF-8"/>
    <property name="java.vm.name" value="OpenJDK 64-Bit Server VM"/>
    <property name="localRepository" value="/home/coder/.m2/repository"/>
    <property name="java.vendor.url.bug" value="https://bugs.debian.org/openjdk-11"/>
    <property name="java.io.tmpdir" value="/tmp"/>
    <property name="java.version" value="11.0.18"/>
    <property name="user.dir" value="/home/coder/project/workspace/my-spring-project"/>
    <property name="os.arch" value="amd64"/>
    <property name="java.vm.specification.name" value="Java Virtual Machine Specification"/>
    <property name="java.awt.printerjob" value="sun.print.PSPrinterJob"/>
    <property name="sun.os.patch.level" value="unknown"/>
    <property name="java.library.path" value="/usr/java/packages/lib:/usr/lib/x86_64-linux-gnu/jni:/lib/x86_64-linux-gnu:/usr/lib/x86_64-linux-gnu:/usr/lib/jni:/lib:/usr/lib"/>
    <property name="java.vm.info" value="mixed mode, sharing"/>
    <property name="java.vendor" value="Debian"/>
    <property name="java.vm.version" value="11.0.18+10-post-Debian-1deb11u1"/>
    <property name="sun.io.unicode.encoding" value="UnicodeLittle"/>
    <property name="java.class.version" value="55.0"/>
  </properties>
  <testcase name="testVisitHome" classname="com.example.AppTest" time="0.015">
    <error message="springSecurityFilterChain cannot be null. Ensure a Bean with the name springSecurityFilterChain implementing Filter is present or inject the Filter to be used." type="java.lang.IllegalStateException">java.lang.IllegalStateException: springSecurityFilterChain cannot be null. Ensure a Bean with the name springSecurityFilterChain implementing Filter is present or inject the Filter to be used.
	at com.example.AppTest.setup(AppTest.java:36)
</error>
    <system-err><![CDATA[Sep 30, 2023 7:38:26 AM org.springframework.test.context.support.AbstractTestContextBootstrapper getDefaultTestExecutionListenerClassNames
INFO: Loaded default TestExecutionListener class names from location [META-INF/spring.factories]: [org.springframework.test.context.web.ServletTestExecutionListener, org.springframework.test.context.support.DirtiesContextBeforeModesTestExecutionListener, org.springframework.test.context.support.DependencyInjectionTestExecutionListener, org.springframework.test.context.support.DirtiesContextTestExecutionListener, org.springframework.test.context.transaction.TransactionalTestExecutionListener, org.springframework.test.context.jdbc.SqlScriptsTestExecutionListener, org.springframework.test.context.event.EventPublishingTestExecutionListener, org.springframework.security.test.context.support.WithSecurityContextTestExecutionListener, org.springframework.security.test.context.support.ReactorContextTestExecutionListener]
Sep 30, 2023 7:38:26 AM org.springframework.test.context.support.AbstractTestContextBootstrapper getTestExecutionListeners
INFO: Using TestExecutionListeners: [org.springframework.test.context.web.ServletTestExecutionListener@221af3c0, org.springframework.test.context.support.DirtiesContextBeforeModesTestExecutionListener@62bd765, org.springframework.test.context.support.DependencyInjectionTestExecutionListener@23a5fd2, org.springframework.test.context.support.DirtiesContextTestExecutionListener@78a2da20, org.springframework.test.context.event.EventPublishingTestExecutionListener@dd3b207, org.springframework.security.test.context.support.WithSecurityContextTestExecutionListener@551bdc27, org.springframework.security.test.context.support.ReactorContextTestExecutionListener@58fdd99]
]]></system-err>
  </testcase>
  <testcase name="testAuthenticationWithInvalidPassword" classname="com.example.AppTest" time="0.001">
    <error message="springSecurityFilterChain cannot be null. Ensure a Bean with the name springSecurityFilterChain implementing Filter is present or inject the Filter to be used." type="java.lang.IllegalStateException">java.lang.IllegalStateException: springSecurityFilterChain cannot be null. Ensure a Bean with the name springSecurityFilterChain implementing Filter is present or inject the Filter to be used.
	at com.example.AppTest.setup(AppTest.java:36)
</error>
  </testcase>
  <testcase name="testAuthenticationWithCorrectUsernameAndPassword" classname="com.example.AppTest" time="0.001">
    <error message="springSecurityFilterChain cannot be null. Ensure a Bean with the name springSecurityFilterChain implementing Filter is present or inject the Filter to be used." type="java.lang.IllegalStateException">java.lang.IllegalStateException: springSecurityFilterChain cannot be null. Ensure a Bean with the name springSecurityFilterChain implementing Filter is present or inject the Filter to be used.
	at com.example.AppTest.setup(AppTest.java:36)
</error>
  </testcase>
</testsuite>