<?xml version="1.0" encoding="UTF-8"?>
<testsuite xmlns:xsi="http://www.w3.org/2001/XMLSchema-instance" xsi:noNamespaceSchemaLocation="https://maven.apache.org/surefire/maven-surefire-plugin/xsd/surefire-test-report.xsd" name="com.example.AppTest" time="1.111" tests="3" errors="0" skipped="0" failures="1">
  <properties>
    <property name="awt.toolkit" value="sun.awt.X11.XToolkit"/>
    <property name="java.specification.version" value="11"/>
    <property name="sun.cpu.isalist" value=""/>
    <property name="sun.jnu.encoding" value="UTF-8"/>
    <property name="java.class.path" value="/home/coder/project/workspace/my-spring-project/target/test-classes:/home/coder/project/workspace/my-spring-project/target/classes:/home/coder/.m2/repository/org/springframework/spring-core/5.2.9.RELEASE/spring-core-5.2.9.RELEASE.jar:/home/coder/.m2/repository/org/springframework/spring-jcl/5.2.9.RELEASE/spring-jcl-5.2.9.RELEASE.jar:/home/coder/.m2/repository/org/springframework/spring-context/5.2.9.RELEASE/spring-context-5.2.9.RELEASE.jar:/home/coder/.m2/repository/org/springframework/spring-aop/5.2.9.RELEASE/spring-aop-5.2.9.RELEASE.jar:/home/coder/.m2/repository/org/springframework/spring-beans/5.2.9.RELEASE/spring-beans-5.2.9.RELEASE.jar:/home/coder/.m2/repository/org/springframework/spring-expression/5.2.9.RELEASE/spring-expression-5.2.9.RELEASE.jar:/home/coder/.m2/repository/org/springframework/spring-webmvc/5.2.9.RELEASE/spring-webmvc-5.2.9.RELEASE.jar:/home/coder/.m2/repository/org/springframework/spring-web/5.2.9.RELEASE/spring-web-5.2.9.RELEASE.jar:/home/coder/.m2/repository/org/springframework/security/spring-security-web/5.2.9.RELEASE/spring-security-web-5.2.9.RELEASE.jar:/home/coder/.m2/repository/org/springframework/security/spring-security-core/5.2.9.RELEASE/spring-security-core-5.2.9.RELEASE.jar:/home/coder/.m2/repository/org/springframework/security/spring-security-config/5.2.9.RELEASE/spring-security-config-5.2.9.RELEASE.jar:/home/coder/.m2/repository/javax/servlet/javax.servlet-api/4.0.1/javax.servlet-api-4.0.1.jar:/home/coder/.m2/repository/jstl/jstl/1.2/jstl-1.2.jar:/home/coder/.m2/repository/org/springframework/spring-test/5.2.9.RELEASE/spring-test-5.2.9.RELEASE.jar:/home/coder/.m2/repository/junit/junit/4.12/junit-4.12.jar:/home/coder/.m2/repository/org/hamcrest/hamcrest-core/1.3/hamcrest-core-1.3.jar:/home/coder/.m2/repository/org/hamcrest/hamcrest-all/1.3/hamcrest-all-1.3.jar:/home/coder/.m2/repository/org/springframework/security/spring-security-test/5.2.9.RELEASE/spring-security-test-5.2.9.RELEASE.jar:"/>
    <property name="java.vm.vendor" value="Debian"/>
    <property name="sun.arch.data.model" value="64"/>
    <property name="java.vendor.url" value="https://tracker.debian.org/openjdk-11"/>
    <property name="user.timezone" value=""/>
    <property name="java.vm.specification.version" value="11"/>
    <property name="os.name" value="Linux"/>
    <property name="sun.java.launcher" value="SUN_STANDARD"/>
    <property name="user.country" value="US"/>
    <property name="sun.boot.library.path" value="/usr/lib/jvm/java-11-openjdk-amd64/lib"/>
    <property name="sun.java.command" value="/home/coder/project/workspace/my-spring-project/target/surefire/surefirebooter1187938380283915331.jar /home/coder/project/workspace/my-spring-project/target/surefire 2023-09-30T06-54-53_622-jvmRun1 surefire4654324882265118556tmp surefire_05360224735143133022tmp"/>
    <property name="jdk.debug" value="release"/>
    <property name="surefire.test.class.path" value="/home/coder/project/workspace/my-spring-project/target/test-classes:/home/coder/project/workspace/my-spring-project/target/classes:/home/coder/.m2/repository/org/springframework/spring-core/5.2.9.RELEASE/spring-core-5.2.9.RELEASE.jar:/home/coder/.m2/repository/org/springframework/spring-jcl/5.2.9.RELEASE/spring-jcl-5.2.9.RELEASE.jar:/home/coder/.m2/repository/org/springframework/spring-context/5.2.9.RELEASE/spring-context-5.2.9.RELEASE.jar:/home/coder/.m2/repository/org/springframework/spring-aop/5.2.9.RELEASE/spring-aop-5.2.9.RELEASE.jar:/home/coder/.m2/repository/org/springframework/spring-beans/5.2.9.RELEASE/spring-beans-5.2.9.RELEASE.jar:/home/coder/.m2/repository/org/springframework/spring-expression/5.2.9.RELEASE/spring-expression-5.2.9.RELEASE.jar:/home/coder/.m2/repository/org/springframework/spring-webmvc/5.2.9.RELEASE/spring-webmvc-5.2.9.RELEASE.jar:/home/coder/.m2/repository/org/springframework/spring-web/5.2.9.RELEASE/spring-web-5.2.9.RELEASE.jar:/home/coder/.m2/repository/org/springframework/security/spring-security-web/5.2.9.RELEASE/spring-security-web-5.2.9.RELEASE.jar:/home/coder/.m2/repository/org/springframework/security/spring-security-core/5.2.9.RELEASE/spring-security-core-5.2.9.RELEASE.jar:/home/coder/.m2/repository/org/springframework/security/spring-security-config/5.2.9.RELEASE/spring-security-config-5.2.9.RELEASE.jar:/home/coder/.m2/repository/javax/servlet/javax.servlet-api/4.0.1/javax.servlet-api-4.0.1.jar:/home/coder/.m2/repository/jstl/jstl/1.2/jstl-1.2.jar:/home/coder/.m2/repository/org/springframework/spring-test/5.2.9.RELEASE/spring-test-5.2.9.RELEASE.jar:/home/coder/.m2/repository/junit/junit/4.12/junit-4.12.jar:/home/coder/.m2/repository/org/hamcrest/hamcrest-core/1.3/hamcrest-core-1.3.jar:/home/coder/.m2/repository/org/hamcrest/hamcrest-all/1.3/hamcrest-all-1.3.jar:/home/coder/.m2/repository/org/springframework/security/spring-security-test/5.2.9.RELEASE/spring-security-test-5.2.9.RELEASE.jar:"/>
    <property name="sun.cpu.endian" value="little"/>
    <property name="user.home" value="/home/coder"/>
    <property name="user.language" value="en"/>
    <property name="java.specification.vendor" value="Oracle Corporation"/>
    <property name="java.version.date" value="2023-01-17"/>
    <property name="java.home" value="/usr/lib/jvm/java-11-openjdk-amd64"/>
    <property name="file.separator" value="/"/>
    <property name="basedir" value="/home/coder/project/workspace/my-spring-project"/>
    <property name="java.vm.compressedOopsMode" value="32-bit"/>
    <property name="line.separator" value="&#10;"/>
    <property name="java.specification.name" value="Java Platform API Specification"/>
    <property name="java.vm.specification.vendor" value="Oracle Corporation"/>
    <property name="java.awt.graphicsenv" value="sun.awt.X11GraphicsEnvironment"/>
    <property name="surefire.real.class.path" value="/home/coder/project/workspace/my-spring-project/target/surefire/surefirebooter1187938380283915331.jar"/>
    <property name="sun.management.compiler" value="HotSpot 64-Bit Tiered Compilers"/>
    <property name="java.runtime.version" value="11.0.18+10-post-Debian-1deb11u1"/>
    <property name="user.name" value="coder"/>
    <property name="path.separator" value=":"/>
    <property name="os.version" value="5.15.107+"/>
    <property name="java.runtime.name" value="OpenJDK Runtime Environment"/>
    <property name="file.encoding" value="UTF-8"/>
    <property name="java.vm.name" value="OpenJDK 64-Bit Server VM"/>
    <property name="localRepository" value="/home/coder/.m2/repository"/>
    <property name="java.vendor.url.bug" value="https://bugs.debian.org/openjdk-11"/>
    <property name="java.io.tmpdir" value="/tmp"/>
    <property name="java.version" value="11.0.18"/>
    <property name="user.dir" value="/home/coder/project/workspace/my-spring-project"/>
    <property name="os.arch" value="amd64"/>
    <property name="java.vm.specification.name" value="Java Virtual Machine Specification"/>
    <property name="java.awt.printerjob" value="sun.print.PSPrinterJob"/>
    <property name="sun.os.patch.level" value="unknown"/>
    <property name="java.library.path" value="/usr/java/packages/lib:/usr/lib/x86_64-linux-gnu/jni:/lib/x86_64-linux-gnu:/usr/lib/x86_64-linux-gnu:/usr/lib/jni:/lib:/usr/lib"/>
    <property name="java.vm.info" value="mixed mode, sharing"/>
    <property name="java.vendor" value="Debian"/>
    <property name="java.vm.version" value="11.0.18+10-post-Debian-1deb11u1"/>
    <property name="sun.io.unicode.encoding" value="UnicodeLittle"/>
    <property name="java.class.version" value="55.0"/>
  </properties>
  <testcase name="testVisitHome" classname="com.example.AppTest" time="0.041">
    <failure message="Status expected:&lt;200&gt; but was:&lt;404&gt;" type="java.lang.AssertionError"><![CDATA[java.lang.AssertionError: Status expected:<200> but was:<404>
	at com.example.AppTest.testVisitHome(AppTest.java:51)
]]></failure>
    <system-err><![CDATA[Sep 30, 2023 6:54:54 AM org.springframework.test.context.support.AbstractTestContextBootstrapper getDefaultTestExecutionListenerClassNames
INFO: Loaded default TestExecutionListener class names from location [META-INF/spring.factories]: [org.springframework.test.context.web.ServletTestExecutionListener, org.springframework.test.context.support.DirtiesContextBeforeModesTestExecutionListener, org.springframework.test.context.support.DependencyInjectionTestExecutionListener, org.springframework.test.context.support.DirtiesContextTestExecutionListener, org.springframework.test.context.transaction.TransactionalTestExecutionListener, org.springframework.test.context.jdbc.SqlScriptsTestExecutionListener, org.springframework.test.context.event.EventPublishingTestExecutionListener, org.springframework.security.test.context.support.WithSecurityContextTestExecutionListener, org.springframework.security.test.context.support.ReactorContextTestExecutionListener]
Sep 30, 2023 6:54:54 AM org.springframework.test.context.support.AbstractTestContextBootstrapper getTestExecutionListeners
INFO: Using TestExecutionListeners: [org.springframework.test.context.web.ServletTestExecutionListener@221af3c0, org.springframework.test.context.support.DirtiesContextBeforeModesTestExecutionListener@62bd765, org.springframework.test.context.support.DependencyInjectionTestExecutionListener@23a5fd2, org.springframework.test.context.support.DirtiesContextTestExecutionListener@78a2da20, org.springframework.test.context.event.EventPublishingTestExecutionListener@dd3b207, org.springframework.security.test.context.support.WithSecurityContextTestExecutionListener@551bdc27, org.springframework.security.test.context.support.ReactorContextTestExecutionListener@58fdd99]
Sep 30, 2023 6:54:54 AM org.springframework.security.config.SecurityNamespaceHandler <init>
INFO: Spring Security 'config' module version is 5.2.9.RELEASE
Sep 30, 2023 6:54:54 AM org.springframework.security.config.http.FilterInvocationSecurityMetadataSourceParser parseInterceptUrlsForFilterInvocationRequestMap
INFO: Creating access control expression attribute 'hasRole('ROLE_ADMIN')' for /admin**
Sep 30, 2023 6:54:54 AM org.springframework.security.config.http.AuthenticationConfigBuilder createLoginPageFilterIfNeeded
INFO: No login page configured. The default internal one will be used. Use the 'login-page' attribute to set the URL of the login page.
Sep 30, 2023 6:54:54 AM org.springframework.security.config.http.HttpSecurityBeanDefinitionParser checkFilterChainOrder
INFO: Checking sorted filter chain: [Root bean: class [org.springframework.security.web.context.SecurityContextPersistenceFilter]; scope=; abstract=false; lazyInit=null; autowireMode=0; dependencyCheck=0; autowireCandidate=true; primary=false; factoryBeanName=null; factoryMethodName=null; initMethodName=null; destroyMethodName=null, order = 200, Root bean: class [org.springframework.security.web.context.request.async.WebAsyncManagerIntegrationFilter]; scope=; abstract=false; lazyInit=null; autowireMode=0; dependencyCheck=0; autowireCandidate=true; primary=false; factoryBeanName=null; factoryMethodName=null; initMethodName=null; destroyMethodName=null, order = 400, Root bean: class [org.springframework.security.web.header.HeaderWriterFilter]; scope=; abstract=false; lazyInit=null; autowireMode=0; dependencyCheck=0; autowireCandidate=true; primary=false; factoryBeanName=null; factoryMethodName=null; initMethodName=null; destroyMethodName=null, order = 500, Root bean: class [org.springframework.security.web.authentication.logout.LogoutFilter]; scope=; abstract=false; lazyInit=null; autowireMode=0; dependencyCheck=0; autowireCandidate=true; primary=false; factoryBeanName=null; factoryMethodName=null; initMethodName=null; destroyMethodName=null, order = 800, <org.springframework.security.web.authentication.UsernamePasswordAuthenticationFilter#0>, order = 1200, Root bean: class [org.springframework.security.web.authentication.ui.DefaultLoginPageGeneratingFilter]; scope=; abstract=false; lazyInit=null; autowireMode=0; dependencyCheck=0; autowireCandidate=true; primary=false; factoryBeanName=null; factoryMethodName=null; initMethodName=null; destroyMethodName=null, order = 1400, Root bean: class [org.springframework.security.web.authentication.ui.DefaultLogoutPageGeneratingFilter]; scope=; abstract=false; lazyInit=null; autowireMode=0; dependencyCheck=0; autowireCandidate=true; primary=false; factoryBeanName=null; factoryMethodName=null; initMethodName=null; destroyMethodName=null, order = 1500, Root bean: class [org.springframework.security.web.authentication.www.BasicAuthenticationFilter]; scope=; abstract=false; lazyInit=null; autowireMode=0; dependencyCheck=0; autowireCandidate=true; primary=false; factoryBeanName=null; factoryMethodName=null; initMethodName=null; destroyMethodName=null, order = 1800, Root bean: class [org.springframework.security.web.savedrequest.RequestCacheAwareFilter]; scope=; abstract=false; lazyInit=null; autowireMode=0; dependencyCheck=0; autowireCandidate=true; primary=false; factoryBeanName=null; factoryMethodName=null; initMethodName=null; destroyMethodName=null, order = 1900, Root bean: class [null]; scope=; abstract=false; lazyInit=null; autowireMode=0; dependencyCheck=0; autowireCandidate=true; primary=false; factoryBeanName=org.springframework.security.config.http.HttpConfigurationBuilder$SecurityContextHolderAwareRequestFilterBeanFactory#0; factoryMethodName=getBean; initMethodName=null; destroyMethodName=null, order = 2000, Root bean: class [org.springframework.security.web.authentication.AnonymousAuthenticationFilter]; scope=; abstract=false; lazyInit=null; autowireMode=0; dependencyCheck=0; autowireCandidate=true; primary=false; factoryBeanName=null; factoryMethodName=null; initMethodName=null; destroyMethodName=null, order = 2300, Root bean: class [org.springframework.security.web.session.SessionManagementFilter]; scope=; abstract=false; lazyInit=null; autowireMode=0; dependencyCheck=0; autowireCandidate=true; primary=false; factoryBeanName=null; factoryMethodName=null; initMethodName=null; destroyMethodName=null, order = 2400, Root bean: class [org.springframework.security.web.access.ExceptionTranslationFilter]; scope=; abstract=false; lazyInit=null; autowireMode=0; dependencyCheck=0; autowireCandidate=true; primary=false; factoryBeanName=null; factoryMethodName=null; initMethodName=null; destroyMethodName=null, order = 2500, <org.springframework.security.web.access.intercept.FilterSecurityInterceptor#0>, order = 2600]
Sep 30, 2023 6:54:54 AM org.springframework.security.web.DefaultSecurityFilterChain <init>
INFO: Creating filter chain: any request, [org.springframework.security.web.context.SecurityContextPersistenceFilter@38875e7d, org.springframework.security.web.context.request.async.WebAsyncManagerIntegrationFilter@1e886a5b, org.springframework.security.web.header.HeaderWriterFilter@d816dde, org.springframework.security.web.authentication.logout.LogoutFilter@6e33c391, org.springframework.security.web.authentication.UsernamePasswordAuthenticationFilter@6c451c9c, org.springframework.security.web.authentication.ui.DefaultLoginPageGeneratingFilter@31c269fd, org.springframework.security.web.authentication.ui.DefaultLogoutPageGeneratingFilter@372b0d86, org.springframework.security.web.authentication.www.BasicAuthenticationFilter@47747fb9, org.springframework.security.web.savedrequest.RequestCacheAwareFilter@3113a37, org.springframework.security.web.servletapi.SecurityContextHolderAwareRequestFilter@213e3629, org.springframework.security.web.authentication.AnonymousAuthenticationFilter@4e9658b5, org.springframework.security.web.session.SessionManagementFilter@2a7b6f69, org.springframework.security.web.access.ExceptionTranslationFilter@20312893, org.springframework.security.web.access.intercept.FilterSecurityInterceptor@70eecdc2]
Sep 30, 2023 6:54:54 AM org.springframework.security.config.http.DefaultFilterChainValidator checkLoginPageIsntProtected
INFO: Checking whether login URL '/login' is accessible with your configuration
Sep 30, 2023 6:54:55 AM org.springframework.mock.web.MockServletContext log
INFO: Initializing Spring TestDispatcherServlet ''
Sep 30, 2023 6:54:55 AM org.springframework.web.servlet.FrameworkServlet initServletBean
INFO: Initializing Servlet ''
Sep 30, 2023 6:54:55 AM org.springframework.web.servlet.FrameworkServlet initServletBean
INFO: Completed initialization in 4 ms
Sep 30, 2023 6:54:55 AM org.springframework.web.servlet.DispatcherServlet noHandlerFound
WARNING: No mapping for GET /
]]></system-err>
  </testcase>
  <testcase name="testAuthenticationWithInvalidPassword" classname="com.example.AppTest" time="0.005"/>
  <testcase name="testAuthenticationWithCorrectUsernameAndPassword" classname="com.example.AppTest" time="0.003"/>
</testsuite>