<?xml version="1.0" encoding="UTF-8"?>
<testsuite xmlns:xsi="http://www.w3.org/2001/XMLSchema-instance" xsi:noNamespaceSchemaLocation="https://maven.apache.org/surefire/maven-surefire-plugin/xsd/surefire-test-report.xsd" name="com.example.AppTest" time="1.839" tests="3" errors="3" skipped="0" failures="0">
  <properties>
    <property name="awt.toolkit" value="sun.awt.X11.XToolkit"/>
    <property name="java.specification.version" value="11"/>
    <property name="sun.cpu.isalist" value=""/>
    <property name="sun.jnu.encoding" value="UTF-8"/>
    <property name="java.class.path" value="/home/coder/project/workspace/my-spring-project/target/test-classes:/home/coder/project/workspace/my-spring-project/target/classes:/home/coder/.m2/repository/org/springframework/spring-core/5.2.9.RELEASE/spring-core-5.2.9.RELEASE.jar:/home/coder/.m2/repository/org/springframework/spring-jcl/5.2.9.RELEASE/spring-jcl-5.2.9.RELEASE.jar:/home/coder/.m2/repository/org/springframework/spring-context/5.2.9.RELEASE/spring-context-5.2.9.RELEASE.jar:/home/coder/.m2/repository/org/springframework/spring-aop/5.2.9.RELEASE/spring-aop-5.2.9.RELEASE.jar:/home/coder/.m2/repository/org/springframework/spring-beans/5.2.9.RELEASE/spring-beans-5.2.9.RELEASE.jar:/home/coder/.m2/repository/org/springframework/spring-expression/5.2.9.RELEASE/spring-expression-5.2.9.RELEASE.jar:/home/coder/.m2/repository/org/springframework/spring-webmvc/5.2.9.RELEASE/spring-webmvc-5.2.9.RELEASE.jar:/home/coder/.m2/repository/org/springframework/spring-web/5.2.9.RELEASE/spring-web-5.2.9.RELEASE.jar:/home/coder/.m2/repository/org/springframework/security/spring-security-web/5.2.9.RELEASE/spring-security-web-5.2.9.RELEASE.jar:/home/coder/.m2/repository/org/springframework/security/spring-security-core/5.2.9.RELEASE/spring-security-core-5.2.9.RELEASE.jar:/home/coder/.m2/repository/org/springframework/security/spring-security-config/5.2.9.RELEASE/spring-security-config-5.2.9.RELEASE.jar:/home/coder/.m2/repository/javax/servlet/javax.servlet-api/4.0.1/javax.servlet-api-4.0.1.jar:/home/coder/.m2/repository/jstl/jstl/1.2/jstl-1.2.jar:/home/coder/.m2/repository/org/springframework/spring-test/5.2.9.RELEASE/spring-test-5.2.9.RELEASE.jar:/home/coder/.m2/repository/junit/junit/4.12/junit-4.12.jar:/home/coder/.m2/repository/org/hamcrest/hamcrest-core/1.3/hamcrest-core-1.3.jar:/home/coder/.m2/repository/org/hamcrest/hamcrest-all/1.3/hamcrest-all-1.3.jar:/home/coder/.m2/repository/org/springframework/security/spring-security-test/5.2.9.RELEASE/spring-security-test-5.2.9.RELEASE.jar:"/>
    <property name="java.vm.vendor" value="Debian"/>
    <property name="sun.arch.data.model" value="64"/>
    <property name="java.vendor.url" value="https://tracker.debian.org/openjdk-11"/>
    <property name="user.timezone" value=""/>
    <property name="java.vm.specification.version" value="11"/>
    <property name="os.name" value="Linux"/>
    <property name="sun.java.launcher" value="SUN_STANDARD"/>
    <property name="user.country" value="US"/>
    <property name="sun.boot.library.path" value="/usr/lib/jvm/java-11-openjdk-amd64/lib"/>
    <property name="sun.java.command" value="/home/coder/project/workspace/my-spring-project/target/surefire/surefirebooter7757267013726208712.jar /home/coder/project/workspace/my-spring-project/target/surefire 2023-10-03T08-56-15_290-jvmRun1 surefire15245751884710628831tmp surefire_02085385018789009756tmp"/>
    <property name="jdk.debug" value="release"/>
    <property name="surefire.test.class.path" value="/home/coder/project/workspace/my-spring-project/target/test-classes:/home/coder/project/workspace/my-spring-project/target/classes:/home/coder/.m2/repository/org/springframework/spring-core/5.2.9.RELEASE/spring-core-5.2.9.RELEASE.jar:/home/coder/.m2/repository/org/springframework/spring-jcl/5.2.9.RELEASE/spring-jcl-5.2.9.RELEASE.jar:/home/coder/.m2/repository/org/springframework/spring-context/5.2.9.RELEASE/spring-context-5.2.9.RELEASE.jar:/home/coder/.m2/repository/org/springframework/spring-aop/5.2.9.RELEASE/spring-aop-5.2.9.RELEASE.jar:/home/coder/.m2/repository/org/springframework/spring-beans/5.2.9.RELEASE/spring-beans-5.2.9.RELEASE.jar:/home/coder/.m2/repository/org/springframework/spring-expression/5.2.9.RELEASE/spring-expression-5.2.9.RELEASE.jar:/home/coder/.m2/repository/org/springframework/spring-webmvc/5.2.9.RELEASE/spring-webmvc-5.2.9.RELEASE.jar:/home/coder/.m2/repository/org/springframework/spring-web/5.2.9.RELEASE/spring-web-5.2.9.RELEASE.jar:/home/coder/.m2/repository/org/springframework/security/spring-security-web/5.2.9.RELEASE/spring-security-web-5.2.9.RELEASE.jar:/home/coder/.m2/repository/org/springframework/security/spring-security-core/5.2.9.RELEASE/spring-security-core-5.2.9.RELEASE.jar:/home/coder/.m2/repository/org/springframework/security/spring-security-config/5.2.9.RELEASE/spring-security-config-5.2.9.RELEASE.jar:/home/coder/.m2/repository/javax/servlet/javax.servlet-api/4.0.1/javax.servlet-api-4.0.1.jar:/home/coder/.m2/repository/jstl/jstl/1.2/jstl-1.2.jar:/home/coder/.m2/repository/org/springframework/spring-test/5.2.9.RELEASE/spring-test-5.2.9.RELEASE.jar:/home/coder/.m2/repository/junit/junit/4.12/junit-4.12.jar:/home/coder/.m2/repository/org/hamcrest/hamcrest-core/1.3/hamcrest-core-1.3.jar:/home/coder/.m2/repository/org/hamcrest/hamcrest-all/1.3/hamcrest-all-1.3.jar:/home/coder/.m2/repository/org/springframework/security/spring-security-test/5.2.9.RELEASE/spring-security-test-5.2.9.RELEASE.jar:"/>
    <property name="sun.cpu.endian" value="little"/>
    <property name="user.home" value="/home/coder"/>
    <property name="user.language" value="en"/>
    <property name="java.specification.vendor" value="Oracle Corporation"/>
    <property name="java.version.date" value="2023-01-17"/>
    <property name="java.home" value="/usr/lib/jvm/java-11-openjdk-amd64"/>
    <property name="file.separator" value="/"/>
    <property name="basedir" value="/home/coder/project/workspace/my-spring-project"/>
    <property name="java.vm.compressedOopsMode" value="32-bit"/>
    <property name="line.separator" value="&#10;"/>
    <property name="java.specification.name" value="Java Platform API Specification"/>
    <property name="java.vm.specification.vendor" value="Oracle Corporation"/>
    <property name="java.awt.graphicsenv" value="sun.awt.X11GraphicsEnvironment"/>
    <property name="surefire.real.class.path" value="/home/coder/project/workspace/my-spring-project/target/surefire/surefirebooter7757267013726208712.jar"/>
    <property name="sun.management.compiler" value="HotSpot 64-Bit Tiered Compilers"/>
    <property name="java.runtime.version" value="11.0.18+10-post-Debian-1deb11u1"/>
    <property name="user.name" value="coder"/>
    <property name="path.separator" value=":"/>
    <property name="os.version" value="5.15.107+"/>
    <property name="java.runtime.name" value="OpenJDK Runtime Environment"/>
    <property name="file.encoding" value="UTF-8"/>
    <property name="java.vm.name" value="OpenJDK 64-Bit Server VM"/>
    <property name="localRepository" value="/home/coder/.m2/repository"/>
    <property name="java.vendor.url.bug" value="https://bugs.debian.org/openjdk-11"/>
    <property name="java.io.tmpdir" value="/tmp"/>
    <property name="java.version" value="11.0.18"/>
    <property name="user.dir" value="/home/coder/project/workspace/my-spring-project"/>
    <property name="os.arch" value="amd64"/>
    <property name="java.vm.specification.name" value="Java Virtual Machine Specification"/>
    <property name="java.awt.printerjob" value="sun.print.PSPrinterJob"/>
    <property name="sun.os.patch.level" value="unknown"/>
    <property name="java.library.path" value="/usr/java/packages/lib:/usr/lib/x86_64-linux-gnu/jni:/lib/x86_64-linux-gnu:/usr/lib/x86_64-linux-gnu:/usr/lib/jni:/lib:/usr/lib"/>
    <property name="java.vm.info" value="mixed mode, sharing"/>
    <property name="java.vendor" value="Debian"/>
    <property name="java.vm.version" value="11.0.18+10-post-Debian-1deb11u1"/>
    <property name="sun.io.unicode.encoding" value="UnicodeLittle"/>
    <property name="java.class.version" value="55.0"/>
  </properties>
  <testcase name="testVisitHome" classname="com.example.AppTest" time="0.002">
    <error message="Failed to load ApplicationContext" type="java.lang.IllegalStateException"><![CDATA[java.lang.IllegalStateException: Failed to load ApplicationContext
Caused by: org.springframework.beans.factory.BeanCreationException: Error creating bean with name 'org.springframework.security.filterChains': Cannot resolve reference to bean 'org.springframework.security.web.DefaultSecurityFilterChain#0' while setting bean property 'sourceList' with key [0]; nested exception is org.springframework.beans.factory.BeanCreationException: Error creating bean with name 'org.springframework.security.web.DefaultSecurityFilterChain#0': Cannot resolve reference to bean 'org.springframework.security.web.authentication.UsernamePasswordAuthenticationFilter#0' while setting constructor argument with key [4]; nested exception is org.springframework.beans.factory.BeanCreationException: Error creating bean with name 'org.springframework.security.web.authentication.UsernamePasswordAuthenticationFilter#0': Cannot resolve reference to bean 'org.springframework.security.authentication.ProviderManager#0' while setting bean property 'authenticationManager'; nested exception is org.springframework.beans.factory.BeanCreationException: Error creating bean with name 'org.springframework.security.authentication.ProviderManager#0': Cannot resolve reference to bean 'org.springframework.security.config.authentication.AuthenticationManagerFactoryBean#0' while setting constructor argument; nested exception is org.springframework.beans.factory.BeanCreationException: Error creating bean with name 'org.springframework.security.config.authentication.AuthenticationManagerFactoryBean#0': FactoryBean threw exception on object creation; nested exception is org.springframework.beans.factory.NoSuchBeanDefinitionException: No bean named 'org.springframework.security.authenticationManager' available: Did you forget to add a global <authentication-manager> element to your configuration (with child <authentication-provider> elements)? Alternatively you can use the authentication-manager-ref attribute on your <http> and <global-method-security> elements.
Caused by: org.springframework.beans.factory.BeanCreationException: Error creating bean with name 'org.springframework.security.web.DefaultSecurityFilterChain#0': Cannot resolve reference to bean 'org.springframework.security.web.authentication.UsernamePasswordAuthenticationFilter#0' while setting constructor argument with key [4]; nested exception is org.springframework.beans.factory.BeanCreationException: Error creating bean with name 'org.springframework.security.web.authentication.UsernamePasswordAuthenticationFilter#0': Cannot resolve reference to bean 'org.springframework.security.authentication.ProviderManager#0' while setting bean property 'authenticationManager'; nested exception is org.springframework.beans.factory.BeanCreationException: Error creating bean with name 'org.springframework.security.authentication.ProviderManager#0': Cannot resolve reference to bean 'org.springframework.security.config.authentication.AuthenticationManagerFactoryBean#0' while setting constructor argument; nested exception is org.springframework.beans.factory.BeanCreationException: Error creating bean with name 'org.springframework.security.config.authentication.AuthenticationManagerFactoryBean#0': FactoryBean threw exception on object creation; nested exception is org.springframework.beans.factory.NoSuchBeanDefinitionException: No bean named 'org.springframework.security.authenticationManager' available: Did you forget to add a global <authentication-manager> element to your configuration (with child <authentication-provider> elements)? Alternatively you can use the authentication-manager-ref attribute on your <http> and <global-method-security> elements.
Caused by: org.springframework.beans.factory.BeanCreationException: Error creating bean with name 'org.springframework.security.web.authentication.UsernamePasswordAuthenticationFilter#0': Cannot resolve reference to bean 'org.springframework.security.authentication.ProviderManager#0' while setting bean property 'authenticationManager'; nested exception is org.springframework.beans.factory.BeanCreationException: Error creating bean with name 'org.springframework.security.authentication.ProviderManager#0': Cannot resolve reference to bean 'org.springframework.security.config.authentication.AuthenticationManagerFactoryBean#0' while setting constructor argument; nested exception is org.springframework.beans.factory.BeanCreationException: Error creating bean with name 'org.springframework.security.config.authentication.AuthenticationManagerFactoryBean#0': FactoryBean threw exception on object creation; nested exception is org.springframework.beans.factory.NoSuchBeanDefinitionException: No bean named 'org.springframework.security.authenticationManager' available: Did you forget to add a global <authentication-manager> element to your configuration (with child <authentication-provider> elements)? Alternatively you can use the authentication-manager-ref attribute on your <http> and <global-method-security> elements.
Caused by: org.springframework.beans.factory.BeanCreationException: Error creating bean with name 'org.springframework.security.authentication.ProviderManager#0': Cannot resolve reference to bean 'org.springframework.security.config.authentication.AuthenticationManagerFactoryBean#0' while setting constructor argument; nested exception is org.springframework.beans.factory.BeanCreationException: Error creating bean with name 'org.springframework.security.config.authentication.AuthenticationManagerFactoryBean#0': FactoryBean threw exception on object creation; nested exception is org.springframework.beans.factory.NoSuchBeanDefinitionException: No bean named 'org.springframework.security.authenticationManager' available: Did you forget to add a global <authentication-manager> element to your configuration (with child <authentication-provider> elements)? Alternatively you can use the authentication-manager-ref attribute on your <http> and <global-method-security> elements.
Caused by: org.springframework.beans.factory.BeanCreationException: Error creating bean with name 'org.springframework.security.config.authentication.AuthenticationManagerFactoryBean#0': FactoryBean threw exception on object creation; nested exception is org.springframework.beans.factory.NoSuchBeanDefinitionException: No bean named 'org.springframework.security.authenticationManager' available: Did you forget to add a global <authentication-manager> element to your configuration (with child <authentication-provider> elements)? Alternatively you can use the authentication-manager-ref attribute on your <http> and <global-method-security> elements.
Caused by: org.springframework.beans.factory.NoSuchBeanDefinitionException: No bean named 'org.springframework.security.authenticationManager' available: Did you forget to add a global <authentication-manager> element to your configuration (with child <authentication-provider> elements)? Alternatively you can use the authentication-manager-ref attribute on your <http> and <global-method-security> elements.
]]></error>
    <system-err><![CDATA[Oct 03, 2023 8:56:16 AM org.springframework.test.context.support.AbstractTestContextBootstrapper getDefaultTestExecutionListenerClassNames
INFO: Loaded default TestExecutionListener class names from location [META-INF/spring.factories]: [org.springframework.test.context.web.ServletTestExecutionListener, org.springframework.test.context.support.DirtiesContextBeforeModesTestExecutionListener, org.springframework.test.context.support.DependencyInjectionTestExecutionListener, org.springframework.test.context.support.DirtiesContextTestExecutionListener, org.springframework.test.context.transaction.TransactionalTestExecutionListener, org.springframework.test.context.jdbc.SqlScriptsTestExecutionListener, org.springframework.test.context.event.EventPublishingTestExecutionListener, org.springframework.security.test.context.support.WithSecurityContextTestExecutionListener, org.springframework.security.test.context.support.ReactorContextTestExecutionListener]
Oct 03, 2023 8:56:16 AM org.springframework.test.context.support.AbstractTestContextBootstrapper getTestExecutionListeners
INFO: Using TestExecutionListeners: [org.springframework.test.context.web.ServletTestExecutionListener@221af3c0, org.springframework.test.context.support.DirtiesContextBeforeModesTestExecutionListener@62bd765, org.springframework.test.context.support.DependencyInjectionTestExecutionListener@23a5fd2, org.springframework.test.context.support.DirtiesContextTestExecutionListener@78a2da20, org.springframework.test.context.event.EventPublishingTestExecutionListener@dd3b207, org.springframework.security.test.context.support.WithSecurityContextTestExecutionListener@551bdc27, org.springframework.security.test.context.support.ReactorContextTestExecutionListener@58fdd99]
Oct 03, 2023 8:56:16 AM org.springframework.security.config.SecurityNamespaceHandler <init>
INFO: Spring Security 'config' module version is 5.2.9.RELEASE
Oct 03, 2023 8:56:16 AM org.springframework.security.config.http.FilterInvocationSecurityMetadataSourceParser parseInterceptUrlsForFilterInvocationRequestMap
INFO: Creating access control expression attribute 'hasRole('ROLE_ADMIN')' for /admin**
Oct 03, 2023 8:56:16 AM org.springframework.security.config.http.AuthenticationConfigBuilder createLoginPageFilterIfNeeded
INFO: No login page configured. The default internal one will be used. Use the 'login-page' attribute to set the URL of the login page.
Oct 03, 2023 8:56:16 AM org.springframework.security.config.http.HttpSecurityBeanDefinitionParser checkFilterChainOrder
INFO: Checking sorted filter chain: [Root bean: class [org.springframework.security.web.context.SecurityContextPersistenceFilter]; scope=; abstract=false; lazyInit=null; autowireMode=0; dependencyCheck=0; autowireCandidate=true; primary=false; factoryBeanName=null; factoryMethodName=null; initMethodName=null; destroyMethodName=null, order = 200, Root bean: class [org.springframework.security.web.context.request.async.WebAsyncManagerIntegrationFilter]; scope=; abstract=false; lazyInit=null; autowireMode=0; dependencyCheck=0; autowireCandidate=true; primary=false; factoryBeanName=null; factoryMethodName=null; initMethodName=null; destroyMethodName=null, order = 400, Root bean: class [org.springframework.security.web.header.HeaderWriterFilter]; scope=; abstract=false; lazyInit=null; autowireMode=0; dependencyCheck=0; autowireCandidate=true; primary=false; factoryBeanName=null; factoryMethodName=null; initMethodName=null; destroyMethodName=null, order = 500, Root bean: class [org.springframework.security.web.authentication.logout.LogoutFilter]; scope=; abstract=false; lazyInit=null; autowireMode=0; dependencyCheck=0; autowireCandidate=true; primary=false; factoryBeanName=null; factoryMethodName=null; initMethodName=null; destroyMethodName=null, order = 800, <org.springframework.security.web.authentication.UsernamePasswordAuthenticationFilter#0>, order = 1200, Root bean: class [org.springframework.security.web.authentication.ui.DefaultLoginPageGeneratingFilter]; scope=; abstract=false; lazyInit=null; autowireMode=0; dependencyCheck=0; autowireCandidate=true; primary=false; factoryBeanName=null; factoryMethodName=null; initMethodName=null; destroyMethodName=null, order = 1400, Root bean: class [org.springframework.security.web.authentication.ui.DefaultLogoutPageGeneratingFilter]; scope=; abstract=false; lazyInit=null; autowireMode=0; dependencyCheck=0; autowireCandidate=true; primary=false; factoryBeanName=null; factoryMethodName=null; initMethodName=null; destroyMethodName=null, order = 1500, Root bean: class [org.springframework.security.web.authentication.www.BasicAuthenticationFilter]; scope=; abstract=false; lazyInit=null; autowireMode=0; dependencyCheck=0; autowireCandidate=true; primary=false; factoryBeanName=null; factoryMethodName=null; initMethodName=null; destroyMethodName=null, order = 1800, Root bean: class [org.springframework.security.web.savedrequest.RequestCacheAwareFilter]; scope=; abstract=false; lazyInit=null; autowireMode=0; dependencyCheck=0; autowireCandidate=true; primary=false; factoryBeanName=null; factoryMethodName=null; initMethodName=null; destroyMethodName=null, order = 1900, Root bean: class [null]; scope=; abstract=false; lazyInit=null; autowireMode=0; dependencyCheck=0; autowireCandidate=true; primary=false; factoryBeanName=org.springframework.security.config.http.HttpConfigurationBuilder$SecurityContextHolderAwareRequestFilterBeanFactory#0; factoryMethodName=getBean; initMethodName=null; destroyMethodName=null, order = 2000, Root bean: class [org.springframework.security.web.authentication.AnonymousAuthenticationFilter]; scope=; abstract=false; lazyInit=null; autowireMode=0; dependencyCheck=0; autowireCandidate=true; primary=false; factoryBeanName=null; factoryMethodName=null; initMethodName=null; destroyMethodName=null, order = 2300, Root bean: class [org.springframework.security.web.session.SessionManagementFilter]; scope=; abstract=false; lazyInit=null; autowireMode=0; dependencyCheck=0; autowireCandidate=true; primary=false; factoryBeanName=null; factoryMethodName=null; initMethodName=null; destroyMethodName=null, order = 2400, Root bean: class [org.springframework.security.web.access.ExceptionTranslationFilter]; scope=; abstract=false; lazyInit=null; autowireMode=0; dependencyCheck=0; autowireCandidate=true; primary=false; factoryBeanName=null; factoryMethodName=null; initMethodName=null; destroyMethodName=null, order = 2500, <org.springframework.security.web.access.intercept.FilterSecurityInterceptor#0>, order = 2600]
Oct 03, 2023 8:56:16 AM org.springframework.context.support.AbstractApplicationContext refresh
WARNING: Exception encountered during context initialization - cancelling refresh attempt: org.springframework.beans.factory.BeanCreationException: Error creating bean with name 'org.springframework.security.filterChains': Cannot resolve reference to bean 'org.springframework.security.web.DefaultSecurityFilterChain#0' while setting bean property 'sourceList' with key [0]; nested exception is org.springframework.beans.factory.BeanCreationException: Error creating bean with name 'org.springframework.security.web.DefaultSecurityFilterChain#0': Cannot resolve reference to bean 'org.springframework.security.web.authentication.UsernamePasswordAuthenticationFilter#0' while setting constructor argument with key [4]; nested exception is org.springframework.beans.factory.BeanCreationException: Error creating bean with name 'org.springframework.security.web.authentication.UsernamePasswordAuthenticationFilter#0': Cannot resolve reference to bean 'org.springframework.security.authentication.ProviderManager#0' while setting bean property 'authenticationManager'; nested exception is org.springframework.beans.factory.BeanCreationException: Error creating bean with name 'org.springframework.security.authentication.ProviderManager#0': Cannot resolve reference to bean 'org.springframework.security.config.authentication.AuthenticationManagerFactoryBean#0' while setting constructor argument; nested exception is org.springframework.beans.factory.BeanCreationException: Error creating bean with name 'org.springframework.security.config.authentication.AuthenticationManagerFactoryBean#0': FactoryBean threw exception on object creation; nested exception is org.springframework.beans.factory.NoSuchBeanDefinitionException: No bean named 'org.springframework.security.authenticationManager' available: Did you forget to add a global <authentication-manager> element to your configuration (with child <authentication-provider> elements)? Alternatively you can use the authentication-manager-ref attribute on your <http> and <global-method-security> elements.
Oct 03, 2023 8:56:16 AM org.springframework.test.context.TestContextManager prepareTestInstance
SEVERE: Caught exception while allowing TestExecutionListener [org.springframework.test.context.web.ServletTestExecutionListener@221af3c0] to prepare test instance [com.example.AppTest@4940809c]
java.lang.IllegalStateException: Failed to load ApplicationContext
	at org.springframework.test.context.cache.DefaultCacheAwareContextLoaderDelegate.loadContext(DefaultCacheAwareContextLoaderDelegate.java:132)
	at org.springframework.test.context.support.DefaultTestContext.getApplicationContext(DefaultTestContext.java:123)
	at org.springframework.test.context.web.ServletTestExecutionListener.setUpRequestContextIfNecessary(ServletTestExecutionListener.java:190)
	at org.springframework.test.context.web.ServletTestExecutionListener.prepareTestInstance(ServletTestExecutionListener.java:132)
	at org.springframework.test.context.TestContextManager.prepareTestInstance(TestContextManager.java:244)
	at org.springframework.test.context.junit4.SpringJUnit4ClassRunner.createTest(SpringJUnit4ClassRunner.java:227)
	at org.springframework.test.context.junit4.SpringJUnit4ClassRunner$1.runReflectiveCall(SpringJUnit4ClassRunner.java:289)
	at org.junit.internal.runners.model.ReflectiveCallable.run(ReflectiveCallable.java:12)
	at org.springframework.test.context.junit4.SpringJUnit4ClassRunner.methodBlock(SpringJUnit4ClassRunner.java:291)
	at org.springframework.test.context.junit4.SpringJUnit4ClassRunner.runChild(SpringJUnit4ClassRunner.java:246)
	at org.springframework.test.context.junit4.SpringJUnit4ClassRunner.runChild(SpringJUnit4ClassRunner.java:97)
	at org.junit.runners.ParentRunner$3.run(ParentRunner.java:290)
	at org.junit.runners.ParentRunner$1.schedule(ParentRunner.java:71)
	at org.junit.runners.ParentRunner.runChildren(ParentRunner.java:288)
	at org.junit.runners.ParentRunner.access$000(ParentRunner.java:58)
	at org.junit.runners.ParentRunner$2.evaluate(ParentRunner.java:268)
	at org.springframework.test.context.junit4.statements.RunBeforeTestClassCallbacks.evaluate(RunBeforeTestClassCallbacks.java:61)
	at org.springframework.test.context.junit4.statements.RunAfterTestClassCallbacks.evaluate(RunAfterTestClassCallbacks.java:70)
	at org.junit.runners.ParentRunner.run(ParentRunner.java:363)
	at org.springframework.test.context.junit4.SpringJUnit4ClassRunner.run(SpringJUnit4ClassRunner.java:190)
	at org.apache.maven.surefire.junit4.JUnit4Provider.execute(JUnit4Provider.java:365)
	at org.apache.maven.surefire.junit4.JUnit4Provider.executeWithRerun(JUnit4Provider.java:273)
	at org.apache.maven.surefire.junit4.JUnit4Provider.executeTestSet(JUnit4Provider.java:238)
	at org.apache.maven.surefire.junit4.JUnit4Provider.invoke(JUnit4Provider.java:159)
	at org.apache.maven.surefire.booter.ForkedBooter.invokeProviderInSameClassLoader(ForkedBooter.java:384)
	at org.apache.maven.surefire.booter.ForkedBooter.runSuitesInProcess(ForkedBooter.java:345)
	at org.apache.maven.surefire.booter.ForkedBooter.execute(ForkedBooter.java:126)
	at org.apache.maven.surefire.booter.ForkedBooter.main(ForkedBooter.java:418)
Caused by: org.springframework.beans.factory.BeanCreationException: Error creating bean with name 'org.springframework.security.filterChains': Cannot resolve reference to bean 'org.springframework.security.web.DefaultSecurityFilterChain#0' while setting bean property 'sourceList' with key [0]; nested exception is org.springframework.beans.factory.BeanCreationException: Error creating bean with name 'org.springframework.security.web.DefaultSecurityFilterChain#0': Cannot resolve reference to bean 'org.springframework.security.web.authentication.UsernamePasswordAuthenticationFilter#0' while setting constructor argument with key [4]; nested exception is org.springframework.beans.factory.BeanCreationException: Error creating bean with name 'org.springframework.security.web.authentication.UsernamePasswordAuthenticationFilter#0': Cannot resolve reference to bean 'org.springframework.security.authentication.ProviderManager#0' while setting bean property 'authenticationManager'; nested exception is org.springframework.beans.factory.BeanCreationException: Error creating bean with name 'org.springframework.security.authentication.ProviderManager#0': Cannot resolve reference to bean 'org.springframework.security.config.authentication.AuthenticationManagerFactoryBean#0' while setting constructor argument; nested exception is org.springframework.beans.factory.BeanCreationException: Error creating bean with name 'org.springframework.security.config.authentication.AuthenticationManagerFactoryBean#0': FactoryBean threw exception on object creation; nested exception is org.springframework.beans.factory.NoSuchBeanDefinitionException: No bean named 'org.springframework.security.authenticationManager' available: Did you forget to add a global <authentication-manager> element to your configuration (with child <authentication-provider> elements)? Alternatively you can use the authentication-manager-ref attribute on your <http> and <global-method-security> elements.
	at org.springframework.beans.factory.support.BeanDefinitionValueResolver.resolveReference(BeanDefinitionValueResolver.java:342)
	at org.springframework.beans.factory.support.BeanDefinitionValueResolver.resolveValueIfNecessary(BeanDefinitionValueResolver.java:113)
	at org.springframework.beans.factory.support.BeanDefinitionValueResolver.resolveManagedList(BeanDefinitionValueResolver.java:428)
	at org.springframework.beans.factory.support.BeanDefinitionValueResolver.resolveValueIfNecessary(BeanDefinitionValueResolver.java:173)
	at org.springframework.beans.factory.support.AbstractAutowireCapableBeanFactory.applyPropertyValues(AbstractAutowireCapableBeanFactory.java:1697)
	at org.springframework.beans.factory.support.AbstractAutowireCapableBeanFactory.populateBean(AbstractAutowireCapableBeanFactory.java:1442)
	at org.springframework.beans.factory.support.AbstractAutowireCapableBeanFactory.doCreateBean(AbstractAutowireCapableBeanFactory.java:593)
	at org.springframework.beans.factory.support.AbstractAutowireCapableBeanFactory.createBean(AbstractAutowireCapableBeanFactory.java:516)
	at org.springframework.beans.factory.support.AbstractBeanFactory.lambda$doGetBean$0(AbstractBeanFactory.java:324)
	at org.springframework.beans.factory.support.DefaultSingletonBeanRegistry.getSingleton(DefaultSingletonBeanRegistry.java:234)
	at org.springframework.beans.factory.support.AbstractBeanFactory.doGetBean(AbstractBeanFactory.java:322)
	at org.springframework.beans.factory.support.AbstractBeanFactory.getBean(AbstractBeanFactory.java:202)
	at org.springframework.beans.factory.support.DefaultListableBeanFactory.preInstantiateSingletons(DefaultListableBeanFactory.java:878)
	at org.springframework.context.support.AbstractApplicationContext.finishBeanFactoryInitialization(AbstractApplicationContext.java:879)
	at org.springframework.context.support.AbstractApplicationContext.refresh(AbstractApplicationContext.java:551)
	at org.springframework.test.context.web.AbstractGenericWebContextLoader.loadContext(AbstractGenericWebContextLoader.java:129)
	at org.springframework.test.context.web.AbstractGenericWebContextLoader.loadContext(AbstractGenericWebContextLoader.java:61)
	at org.springframework.test.context.support.AbstractDelegatingSmartContextLoader.delegateLoading(AbstractDelegatingSmartContextLoader.java:275)
	at org.springframework.test.context.support.AbstractDelegatingSmartContextLoader.loadContext(AbstractDelegatingSmartContextLoader.java:243)
	at org.springframework.test.context.cache.DefaultCacheAwareContextLoaderDelegate.loadContextInternal(DefaultCacheAwareContextLoaderDelegate.java:99)
	at org.springframework.test.context.cache.DefaultCacheAwareContextLoaderDelegate.loadContext(DefaultCacheAwareContextLoaderDelegate.java:124)
	... 27 more
Caused by: org.springframework.beans.factory.BeanCreationException: Error creating bean with name 'org.springframework.security.web.DefaultSecurityFilterChain#0': Cannot resolve reference to bean 'org.springframework.security.web.authentication.UsernamePasswordAuthenticationFilter#0' while setting constructor argument with key [4]; nested exception is org.springframework.beans.factory.BeanCreationException: Error creating bean with name 'org.springframework.security.web.authentication.UsernamePasswordAuthenticationFilter#0': Cannot resolve reference to bean 'org.springframework.security.authentication.ProviderManager#0' while setting bean property 'authenticationManager'; nested exception is org.springframework.beans.factory.BeanCreationException: Error creating bean with name 'org.springframework.security.authentication.ProviderManager#0': Cannot resolve reference to bean 'org.springframework.security.config.authentication.AuthenticationManagerFactoryBean#0' while setting constructor argument; nested exception is org.springframework.beans.factory.BeanCreationException: Error creating bean with name 'org.springframework.security.config.authentication.AuthenticationManagerFactoryBean#0': FactoryBean threw exception on object creation; nested exception is org.springframework.beans.factory.NoSuchBeanDefinitionException: No bean named 'org.springframework.security.authenticationManager' available: Did you forget to add a global <authentication-manager> element to your configuration (with child <authentication-provider> elements)? Alternatively you can use the authentication-manager-ref attribute on your <http> and <global-method-security> elements.
	at org.springframework.beans.factory.support.BeanDefinitionValueResolver.resolveReference(BeanDefinitionValueResolver.java:342)
	at org.springframework.beans.factory.support.BeanDefinitionValueResolver.resolveValueIfNecessary(BeanDefinitionValueResolver.java:113)
	at org.springframework.beans.factory.support.BeanDefinitionValueResolver.resolveManagedList(BeanDefinitionValueResolver.java:428)
	at org.springframework.beans.factory.support.BeanDefinitionValueResolver.resolveValueIfNecessary(BeanDefinitionValueResolver.java:173)
	at org.springframework.beans.factory.support.ConstructorResolver.resolveConstructorArguments(ConstructorResolver.java:690)
	at org.springframework.beans.factory.support.ConstructorResolver.autowireConstructor(ConstructorResolver.java:196)
	at org.springframework.beans.factory.support.AbstractAutowireCapableBeanFactory.autowireConstructor(AbstractAutowireCapableBeanFactory.java:1356)
	at org.springframework.beans.factory.support.AbstractAutowireCapableBeanFactory.createBeanInstance(AbstractAutowireCapableBeanFactory.java:1203)
	at org.springframework.beans.factory.support.AbstractAutowireCapableBeanFactory.doCreateBean(AbstractAutowireCapableBeanFactory.java:556)
	at org.springframework.beans.factory.support.AbstractAutowireCapableBeanFactory.createBean(AbstractAutowireCapableBeanFactory.java:516)
	at org.springframework.beans.factory.support.AbstractBeanFactory.lambda$doGetBean$0(AbstractBeanFactory.java:324)
	at org.springframework.beans.factory.support.DefaultSingletonBeanRegistry.getSingleton(DefaultSingletonBeanRegistry.java:234)
	at org.springframework.beans.factory.support.AbstractBeanFactory.doGetBean(AbstractBeanFactory.java:322)
	at org.springframework.beans.factory.support.AbstractBeanFactory.getBean(AbstractBeanFactory.java:202)
	at org.springframework.beans.factory.support.BeanDefinitionValueResolver.resolveReference(BeanDefinitionValueResolver.java:330)
	... 47 more
Caused by: org.springframework.beans.factory.BeanCreationException: Error creating bean with name 'org.springframework.security.web.authentication.UsernamePasswordAuthenticationFilter#0': Cannot resolve reference to bean 'org.springframework.security.authentication.ProviderManager#0' while setting bean property 'authenticationManager'; nested exception is org.springframework.beans.factory.BeanCreationException: Error creating bean with name 'org.springframework.security.authentication.ProviderManager#0': Cannot resolve reference to bean 'org.springframework.security.config.authentication.AuthenticationManagerFactoryBean#0' while setting constructor argument; nested exception is org.springframework.beans.factory.BeanCreationException: Error creating bean with name 'org.springframework.security.config.authentication.AuthenticationManagerFactoryBean#0': FactoryBean threw exception on object creation; nested exception is org.springframework.beans.factory.NoSuchBeanDefinitionException: No bean named 'org.springframework.security.authenticationManager' available: Did you forget to add a global <authentication-manager> element to your configuration (with child <authentication-provider> elements)? Alternatively you can use the authentication-manager-ref attribute on your <http> and <global-method-security> elements.
	at org.springframework.beans.factory.support.BeanDefinitionValueResolver.resolveReference(BeanDefinitionValueResolver.java:342)
	at org.springframework.beans.factory.support.BeanDefinitionValueResolver.resolveValueIfNecessary(BeanDefinitionValueResolver.java:113)
	at org.springframework.beans.factory.support.AbstractAutowireCapableBeanFactory.applyPropertyValues(AbstractAutowireCapableBeanFactory.java:1697)
	at org.springframework.beans.factory.support.AbstractAutowireCapableBeanFactory.populateBean(AbstractAutowireCapableBeanFactory.java:1442)
	at org.springframework.beans.factory.support.AbstractAutowireCapableBeanFactory.doCreateBean(AbstractAutowireCapableBeanFactory.java:593)
	at org.springframework.beans.factory.support.AbstractAutowireCapableBeanFactory.createBean(AbstractAutowireCapableBeanFactory.java:516)
	at org.springframework.beans.factory.support.AbstractBeanFactory.lambda$doGetBean$0(AbstractBeanFactory.java:324)
	at org.springframework.beans.factory.support.DefaultSingletonBeanRegistry.getSingleton(DefaultSingletonBeanRegistry.java:234)
	at org.springframework.beans.factory.support.AbstractBeanFactory.doGetBean(AbstractBeanFactory.java:322)
	at org.springframework.beans.factory.support.AbstractBeanFactory.getBean(AbstractBeanFactory.java:202)
	at org.springframework.beans.factory.support.BeanDefinitionValueResolver.resolveReference(BeanDefinitionValueResolver.java:330)
	... 61 more
Caused by: org.springframework.beans.factory.BeanCreationException: Error creating bean with name 'org.springframework.security.authentication.ProviderManager#0': Cannot resolve reference to bean 'org.springframework.security.config.authentication.AuthenticationManagerFactoryBean#0' while setting constructor argument; nested exception is org.springframework.beans.factory.BeanCreationException: Error creating bean with name 'org.springframework.security.config.authentication.AuthenticationManagerFactoryBean#0': FactoryBean threw exception on object creation; nested exception is org.springframework.beans.factory.NoSuchBeanDefinitionException: No bean named 'org.springframework.security.authenticationManager' available: Did you forget to add a global <authentication-manager> element to your configuration (with child <authentication-provider> elements)? Alternatively you can use the authentication-manager-ref attribute on your <http> and <global-method-security> elements.
	at org.springframework.beans.factory.support.BeanDefinitionValueResolver.resolveReference(BeanDefinitionValueResolver.java:342)
	at org.springframework.beans.factory.support.BeanDefinitionValueResolver.resolveValueIfNecessary(BeanDefinitionValueResolver.java:113)
	at org.springframework.beans.factory.support.ConstructorResolver.resolveConstructorArguments(ConstructorResolver.java:690)
	at org.springframework.beans.factory.support.ConstructorResolver.autowireConstructor(ConstructorResolver.java:196)
	at org.springframework.beans.factory.support.AbstractAutowireCapableBeanFactory.autowireConstructor(AbstractAutowireCapableBeanFactory.java:1356)
	at org.springframework.beans.factory.support.AbstractAutowireCapableBeanFactory.createBeanInstance(AbstractAutowireCapableBeanFactory.java:1203)
	at org.springframework.beans.factory.support.AbstractAutowireCapableBeanFactory.doCreateBean(AbstractAutowireCapableBeanFactory.java:556)
	at org.springframework.beans.factory.support.AbstractAutowireCapableBeanFactory.createBean(AbstractAutowireCapableBeanFactory.java:516)
	at org.springframework.beans.factory.support.AbstractBeanFactory.lambda$doGetBean$0(AbstractBeanFactory.java:324)
	at org.springframework.beans.factory.support.DefaultSingletonBeanRegistry.getSingleton(DefaultSingletonBeanRegistry.java:234)
	at org.springframework.beans.factory.support.AbstractBeanFactory.doGetBean(AbstractBeanFactory.java:322)
	at org.springframework.beans.factory.support.AbstractBeanFactory.getBean(AbstractBeanFactory.java:202)
	at org.springframework.beans.factory.support.BeanDefinitionValueResolver.resolveReference(BeanDefinitionValueResolver.java:330)
	... 71 more
Caused by: org.springframework.beans.factory.BeanCreationException: Error creating bean with name 'org.springframework.security.config.authentication.AuthenticationManagerFactoryBean#0': FactoryBean threw exception on object creation; nested exception is org.springframework.beans.factory.NoSuchBeanDefinitionException: No bean named 'org.springframework.security.authenticationManager' available: Did you forget to add a global <authentication-manager> element to your configuration (with child <authentication-provider> elements)? Alternatively you can use the authentication-manager-ref attribute on your <http> and <global-method-security> elements.
	at org.springframework.beans.factory.support.FactoryBeanRegistrySupport.doGetObjectFromFactoryBean(FactoryBeanRegistrySupport.java:176)
	at org.springframework.beans.factory.support.FactoryBeanRegistrySupport.getObjectFromFactoryBean(FactoryBeanRegistrySupport.java:101)
	at org.springframework.beans.factory.support.AbstractBeanFactory.getObjectForBeanInstance(AbstractBeanFactory.java:1828)
	at org.springframework.beans.factory.support.AbstractAutowireCapableBeanFactory.getObjectForBeanInstance(AbstractAutowireCapableBeanFactory.java:1265)
	at org.springframework.beans.factory.support.AbstractBeanFactory.doGetBean(AbstractBeanFactory.java:334)
	at org.springframework.beans.factory.support.AbstractBeanFactory.getBean(AbstractBeanFactory.java:202)
	at org.springframework.beans.factory.support.BeanDefinitionValueResolver.resolveReference(BeanDefinitionValueResolver.java:330)
	... 83 more
Caused by: org.springframework.beans.factory.NoSuchBeanDefinitionException: No bean named 'org.springframework.security.authenticationManager' available: Did you forget to add a global <authentication-manager> element to your configuration (with child <authentication-provider> elements)? Alternatively you can use the authentication-manager-ref attribute on your <http> and <global-method-security> elements.
	at org.springframework.security.config.authentication.AuthenticationManagerFactoryBean.getObject(AuthenticationManagerFactoryBean.java:59)
	at org.springframework.security.config.authentication.AuthenticationManagerFactoryBean.getObject(AuthenticationManagerFactoryBean.java:41)
	at org.springframework.beans.factory.support.FactoryBeanRegistrySupport.doGetObjectFromFactoryBean(FactoryBeanRegistrySupport.java:169)
	... 89 more

]]></system-err>
  </testcase>
  <testcase name="testAuthenticationWithInvalidPassword" classname="com.example.AppTest" time="0.001">
    <error message="Failed to load ApplicationContext" type="java.lang.IllegalStateException"><![CDATA[java.lang.IllegalStateException: Failed to load ApplicationContext
Caused by: org.springframework.beans.factory.BeanCreationException: Error creating bean with name 'org.springframework.security.filterChains': Cannot resolve reference to bean 'org.springframework.security.web.DefaultSecurityFilterChain#0' while setting bean property 'sourceList' with key [0]; nested exception is org.springframework.beans.factory.BeanCreationException: Error creating bean with name 'org.springframework.security.web.DefaultSecurityFilterChain#0': Cannot resolve reference to bean 'org.springframework.security.web.authentication.UsernamePasswordAuthenticationFilter#0' while setting constructor argument with key [4]; nested exception is org.springframework.beans.factory.BeanCreationException: Error creating bean with name 'org.springframework.security.web.authentication.UsernamePasswordAuthenticationFilter#0': Cannot resolve reference to bean 'org.springframework.security.authentication.ProviderManager#0' while setting bean property 'authenticationManager'; nested exception is org.springframework.beans.factory.BeanCreationException: Error creating bean with name 'org.springframework.security.authentication.ProviderManager#0': Cannot resolve reference to bean 'org.springframework.security.config.authentication.AuthenticationManagerFactoryBean#0' while setting constructor argument; nested exception is org.springframework.beans.factory.BeanCreationException: Error creating bean with name 'org.springframework.security.config.authentication.AuthenticationManagerFactoryBean#0': FactoryBean threw exception on object creation; nested exception is org.springframework.beans.factory.NoSuchBeanDefinitionException: No bean named 'org.springframework.security.authenticationManager' available: Did you forget to add a global <authentication-manager> element to your configuration (with child <authentication-provider> elements)? Alternatively you can use the authentication-manager-ref attribute on your <http> and <global-method-security> elements.
Caused by: org.springframework.beans.factory.BeanCreationException: Error creating bean with name 'org.springframework.security.web.DefaultSecurityFilterChain#0': Cannot resolve reference to bean 'org.springframework.security.web.authentication.UsernamePasswordAuthenticationFilter#0' while setting constructor argument with key [4]; nested exception is org.springframework.beans.factory.BeanCreationException: Error creating bean with name 'org.springframework.security.web.authentication.UsernamePasswordAuthenticationFilter#0': Cannot resolve reference to bean 'org.springframework.security.authentication.ProviderManager#0' while setting bean property 'authenticationManager'; nested exception is org.springframework.beans.factory.BeanCreationException: Error creating bean with name 'org.springframework.security.authentication.ProviderManager#0': Cannot resolve reference to bean 'org.springframework.security.config.authentication.AuthenticationManagerFactoryBean#0' while setting constructor argument; nested exception is org.springframework.beans.factory.BeanCreationException: Error creating bean with name 'org.springframework.security.config.authentication.AuthenticationManagerFactoryBean#0': FactoryBean threw exception on object creation; nested exception is org.springframework.beans.factory.NoSuchBeanDefinitionException: No bean named 'org.springframework.security.authenticationManager' available: Did you forget to add a global <authentication-manager> element to your configuration (with child <authentication-provider> elements)? Alternatively you can use the authentication-manager-ref attribute on your <http> and <global-method-security> elements.
Caused by: org.springframework.beans.factory.BeanCreationException: Error creating bean with name 'org.springframework.security.web.authentication.UsernamePasswordAuthenticationFilter#0': Cannot resolve reference to bean 'org.springframework.security.authentication.ProviderManager#0' while setting bean property 'authenticationManager'; nested exception is org.springframework.beans.factory.BeanCreationException: Error creating bean with name 'org.springframework.security.authentication.ProviderManager#0': Cannot resolve reference to bean 'org.springframework.security.config.authentication.AuthenticationManagerFactoryBean#0' while setting constructor argument; nested exception is org.springframework.beans.factory.BeanCreationException: Error creating bean with name 'org.springframework.security.config.authentication.AuthenticationManagerFactoryBean#0': FactoryBean threw exception on object creation; nested exception is org.springframework.beans.factory.NoSuchBeanDefinitionException: No bean named 'org.springframework.security.authenticationManager' available: Did you forget to add a global <authentication-manager> element to your configuration (with child <authentication-provider> elements)? Alternatively you can use the authentication-manager-ref attribute on your <http> and <global-method-security> elements.
Caused by: org.springframework.beans.factory.BeanCreationException: Error creating bean with name 'org.springframework.security.authentication.ProviderManager#0': Cannot resolve reference to bean 'org.springframework.security.config.authentication.AuthenticationManagerFactoryBean#0' while setting constructor argument; nested exception is org.springframework.beans.factory.BeanCreationException: Error creating bean with name 'org.springframework.security.config.authentication.AuthenticationManagerFactoryBean#0': FactoryBean threw exception on object creation; nested exception is org.springframework.beans.factory.NoSuchBeanDefinitionException: No bean named 'org.springframework.security.authenticationManager' available: Did you forget to add a global <authentication-manager> element to your configuration (with child <authentication-provider> elements)? Alternatively you can use the authentication-manager-ref attribute on your <http> and <global-method-security> elements.
Caused by: org.springframework.beans.factory.BeanCreationException: Error creating bean with name 'org.springframework.security.config.authentication.AuthenticationManagerFactoryBean#0': FactoryBean threw exception on object creation; nested exception is org.springframework.beans.factory.NoSuchBeanDefinitionException: No bean named 'org.springframework.security.authenticationManager' available: Did you forget to add a global <authentication-manager> element to your configuration (with child <authentication-provider> elements)? Alternatively you can use the authentication-manager-ref attribute on your <http> and <global-method-security> elements.
Caused by: org.springframework.beans.factory.NoSuchBeanDefinitionException: No bean named 'org.springframework.security.authenticationManager' available: Did you forget to add a global <authentication-manager> element to your configuration (with child <authentication-provider> elements)? Alternatively you can use the authentication-manager-ref attribute on your <http> and <global-method-security> elements.
]]></error>
    <system-err><![CDATA[Oct 03, 2023 8:56:17 AM org.springframework.security.config.SecurityNamespaceHandler <init>
INFO: Spring Security 'config' module version is 5.2.9.RELEASE
Oct 03, 2023 8:56:17 AM org.springframework.security.config.http.FilterInvocationSecurityMetadataSourceParser parseInterceptUrlsForFilterInvocationRequestMap
INFO: Creating access control expression attribute 'hasRole('ROLE_ADMIN')' for /admin**
Oct 03, 2023 8:56:17 AM org.springframework.security.config.http.AuthenticationConfigBuilder createLoginPageFilterIfNeeded
INFO: No login page configured. The default internal one will be used. Use the 'login-page' attribute to set the URL of the login page.
Oct 03, 2023 8:56:17 AM org.springframework.security.config.http.HttpSecurityBeanDefinitionParser checkFilterChainOrder
INFO: Checking sorted filter chain: [Root bean: class [org.springframework.security.web.context.SecurityContextPersistenceFilter]; scope=; abstract=false; lazyInit=null; autowireMode=0; dependencyCheck=0; autowireCandidate=true; primary=false; factoryBeanName=null; factoryMethodName=null; initMethodName=null; destroyMethodName=null, order = 200, Root bean: class [org.springframework.security.web.context.request.async.WebAsyncManagerIntegrationFilter]; scope=; abstract=false; lazyInit=null; autowireMode=0; dependencyCheck=0; autowireCandidate=true; primary=false; factoryBeanName=null; factoryMethodName=null; initMethodName=null; destroyMethodName=null, order = 400, Root bean: class [org.springframework.security.web.header.HeaderWriterFilter]; scope=; abstract=false; lazyInit=null; autowireMode=0; dependencyCheck=0; autowireCandidate=true; primary=false; factoryBeanName=null; factoryMethodName=null; initMethodName=null; destroyMethodName=null, order = 500, Root bean: class [org.springframework.security.web.authentication.logout.LogoutFilter]; scope=; abstract=false; lazyInit=null; autowireMode=0; dependencyCheck=0; autowireCandidate=true; primary=false; factoryBeanName=null; factoryMethodName=null; initMethodName=null; destroyMethodName=null, order = 800, <org.springframework.security.web.authentication.UsernamePasswordAuthenticationFilter#0>, order = 1200, Root bean: class [org.springframework.security.web.authentication.ui.DefaultLoginPageGeneratingFilter]; scope=; abstract=false; lazyInit=null; autowireMode=0; dependencyCheck=0; autowireCandidate=true; primary=false; factoryBeanName=null; factoryMethodName=null; initMethodName=null; destroyMethodName=null, order = 1400, Root bean: class [org.springframework.security.web.authentication.ui.DefaultLogoutPageGeneratingFilter]; scope=; abstract=false; lazyInit=null; autowireMode=0; dependencyCheck=0; autowireCandidate=true; primary=false; factoryBeanName=null; factoryMethodName=null; initMethodName=null; destroyMethodName=null, order = 1500, Root bean: class [org.springframework.security.web.authentication.www.BasicAuthenticationFilter]; scope=; abstract=false; lazyInit=null; autowireMode=0; dependencyCheck=0; autowireCandidate=true; primary=false; factoryBeanName=null; factoryMethodName=null; initMethodName=null; destroyMethodName=null, order = 1800, Root bean: class [org.springframework.security.web.savedrequest.RequestCacheAwareFilter]; scope=; abstract=false; lazyInit=null; autowireMode=0; dependencyCheck=0; autowireCandidate=true; primary=false; factoryBeanName=null; factoryMethodName=null; initMethodName=null; destroyMethodName=null, order = 1900, Root bean: class [null]; scope=; abstract=false; lazyInit=null; autowireMode=0; dependencyCheck=0; autowireCandidate=true; primary=false; factoryBeanName=org.springframework.security.config.http.HttpConfigurationBuilder$SecurityContextHolderAwareRequestFilterBeanFactory#0; factoryMethodName=getBean; initMethodName=null; destroyMethodName=null, order = 2000, Root bean: class [org.springframework.security.web.authentication.AnonymousAuthenticationFilter]; scope=; abstract=false; lazyInit=null; autowireMode=0; dependencyCheck=0; autowireCandidate=true; primary=false; factoryBeanName=null; factoryMethodName=null; initMethodName=null; destroyMethodName=null, order = 2300, Root bean: class [org.springframework.security.web.session.SessionManagementFilter]; scope=; abstract=false; lazyInit=null; autowireMode=0; dependencyCheck=0; autowireCandidate=true; primary=false; factoryBeanName=null; factoryMethodName=null; initMethodName=null; destroyMethodName=null, order = 2400, Root bean: class [org.springframework.security.web.access.ExceptionTranslationFilter]; scope=; abstract=false; lazyInit=null; autowireMode=0; dependencyCheck=0; autowireCandidate=true; primary=false; factoryBeanName=null; factoryMethodName=null; initMethodName=null; destroyMethodName=null, order = 2500, <org.springframework.security.web.access.intercept.FilterSecurityInterceptor#0>, order = 2600]
Oct 03, 2023 8:56:17 AM org.springframework.context.support.AbstractApplicationContext refresh
WARNING: Exception encountered during context initialization - cancelling refresh attempt: org.springframework.beans.factory.BeanCreationException: Error creating bean with name 'org.springframework.security.filterChains': Cannot resolve reference to bean 'org.springframework.security.web.DefaultSecurityFilterChain#0' while setting bean property 'sourceList' with key [0]; nested exception is org.springframework.beans.factory.BeanCreationException: Error creating bean with name 'org.springframework.security.web.DefaultSecurityFilterChain#0': Cannot resolve reference to bean 'org.springframework.security.web.authentication.UsernamePasswordAuthenticationFilter#0' while setting constructor argument with key [4]; nested exception is org.springframework.beans.factory.BeanCreationException: Error creating bean with name 'org.springframework.security.web.authentication.UsernamePasswordAuthenticationFilter#0': Cannot resolve reference to bean 'org.springframework.security.authentication.ProviderManager#0' while setting bean property 'authenticationManager'; nested exception is org.springframework.beans.factory.BeanCreationException: Error creating bean with name 'org.springframework.security.authentication.ProviderManager#0': Cannot resolve reference to bean 'org.springframework.security.config.authentication.AuthenticationManagerFactoryBean#0' while setting constructor argument; nested exception is org.springframework.beans.factory.BeanCreationException: Error creating bean with name 'org.springframework.security.config.authentication.AuthenticationManagerFactoryBean#0': FactoryBean threw exception on object creation; nested exception is org.springframework.beans.factory.NoSuchBeanDefinitionException: No bean named 'org.springframework.security.authenticationManager' available: Did you forget to add a global <authentication-manager> element to your configuration (with child <authentication-provider> elements)? Alternatively you can use the authentication-manager-ref attribute on your <http> and <global-method-security> elements.
Oct 03, 2023 8:56:17 AM org.springframework.test.context.TestContextManager prepareTestInstance
SEVERE: Caught exception while allowing TestExecutionListener [org.springframework.test.context.web.ServletTestExecutionListener@221af3c0] to prepare test instance [com.example.AppTest@585811a4]
java.lang.IllegalStateException: Failed to load ApplicationContext
	at org.springframework.test.context.cache.DefaultCacheAwareContextLoaderDelegate.loadContext(DefaultCacheAwareContextLoaderDelegate.java:132)
	at org.springframework.test.context.support.DefaultTestContext.getApplicationContext(DefaultTestContext.java:123)
	at org.springframework.test.context.web.ServletTestExecutionListener.setUpRequestContextIfNecessary(ServletTestExecutionListener.java:190)
	at org.springframework.test.context.web.ServletTestExecutionListener.prepareTestInstance(ServletTestExecutionListener.java:132)
	at org.springframework.test.context.TestContextManager.prepareTestInstance(TestContextManager.java:244)
	at org.springframework.test.context.junit4.SpringJUnit4ClassRunner.createTest(SpringJUnit4ClassRunner.java:227)
	at org.springframework.test.context.junit4.SpringJUnit4ClassRunner$1.runReflectiveCall(SpringJUnit4ClassRunner.java:289)
	at org.junit.internal.runners.model.ReflectiveCallable.run(ReflectiveCallable.java:12)
	at org.springframework.test.context.junit4.SpringJUnit4ClassRunner.methodBlock(SpringJUnit4ClassRunner.java:291)
	at org.springframework.test.context.junit4.SpringJUnit4ClassRunner.runChild(SpringJUnit4ClassRunner.java:246)
	at org.springframework.test.context.junit4.SpringJUnit4ClassRunner.runChild(SpringJUnit4ClassRunner.java:97)
	at org.junit.runners.ParentRunner$3.run(ParentRunner.java:290)
	at org.junit.runners.ParentRunner$1.schedule(ParentRunner.java:71)
	at org.junit.runners.ParentRunner.runChildren(ParentRunner.java:288)
	at org.junit.runners.ParentRunner.access$000(ParentRunner.java:58)
	at org.junit.runners.ParentRunner$2.evaluate(ParentRunner.java:268)
	at org.springframework.test.context.junit4.statements.RunBeforeTestClassCallbacks.evaluate(RunBeforeTestClassCallbacks.java:61)
	at org.springframework.test.context.junit4.statements.RunAfterTestClassCallbacks.evaluate(RunAfterTestClassCallbacks.java:70)
	at org.junit.runners.ParentRunner.run(ParentRunner.java:363)
	at org.springframework.test.context.junit4.SpringJUnit4ClassRunner.run(SpringJUnit4ClassRunner.java:190)
	at org.apache.maven.surefire.junit4.JUnit4Provider.execute(JUnit4Provider.java:365)
	at org.apache.maven.surefire.junit4.JUnit4Provider.executeWithRerun(JUnit4Provider.java:273)
	at org.apache.maven.surefire.junit4.JUnit4Provider.executeTestSet(JUnit4Provider.java:238)
	at org.apache.maven.surefire.junit4.JUnit4Provider.invoke(JUnit4Provider.java:159)
	at org.apache.maven.surefire.booter.ForkedBooter.invokeProviderInSameClassLoader(ForkedBooter.java:384)
	at org.apache.maven.surefire.booter.ForkedBooter.runSuitesInProcess(ForkedBooter.java:345)
	at org.apache.maven.surefire.booter.ForkedBooter.execute(ForkedBooter.java:126)
	at org.apache.maven.surefire.booter.ForkedBooter.main(ForkedBooter.java:418)
Caused by: org.springframework.beans.factory.BeanCreationException: Error creating bean with name 'org.springframework.security.filterChains': Cannot resolve reference to bean 'org.springframework.security.web.DefaultSecurityFilterChain#0' while setting bean property 'sourceList' with key [0]; nested exception is org.springframework.beans.factory.BeanCreationException: Error creating bean with name 'org.springframework.security.web.DefaultSecurityFilterChain#0': Cannot resolve reference to bean 'org.springframework.security.web.authentication.UsernamePasswordAuthenticationFilter#0' while setting constructor argument with key [4]; nested exception is org.springframework.beans.factory.BeanCreationException: Error creating bean with name 'org.springframework.security.web.authentication.UsernamePasswordAuthenticationFilter#0': Cannot resolve reference to bean 'org.springframework.security.authentication.ProviderManager#0' while setting bean property 'authenticationManager'; nested exception is org.springframework.beans.factory.BeanCreationException: Error creating bean with name 'org.springframework.security.authentication.ProviderManager#0': Cannot resolve reference to bean 'org.springframework.security.config.authentication.AuthenticationManagerFactoryBean#0' while setting constructor argument; nested exception is org.springframework.beans.factory.BeanCreationException: Error creating bean with name 'org.springframework.security.config.authentication.AuthenticationManagerFactoryBean#0': FactoryBean threw exception on object creation; nested exception is org.springframework.beans.factory.NoSuchBeanDefinitionException: No bean named 'org.springframework.security.authenticationManager' available: Did you forget to add a global <authentication-manager> element to your configuration (with child <authentication-provider> elements)? Alternatively you can use the authentication-manager-ref attribute on your <http> and <global-method-security> elements.
	at org.springframework.beans.factory.support.BeanDefinitionValueResolver.resolveReference(BeanDefinitionValueResolver.java:342)
	at org.springframework.beans.factory.support.BeanDefinitionValueResolver.resolveValueIfNecessary(BeanDefinitionValueResolver.java:113)
	at org.springframework.beans.factory.support.BeanDefinitionValueResolver.resolveManagedList(BeanDefinitionValueResolver.java:428)
	at org.springframework.beans.factory.support.BeanDefinitionValueResolver.resolveValueIfNecessary(BeanDefinitionValueResolver.java:173)
	at org.springframework.beans.factory.support.AbstractAutowireCapableBeanFactory.applyPropertyValues(AbstractAutowireCapableBeanFactory.java:1697)
	at org.springframework.beans.factory.support.AbstractAutowireCapableBeanFactory.populateBean(AbstractAutowireCapableBeanFactory.java:1442)
	at org.springframework.beans.factory.support.AbstractAutowireCapableBeanFactory.doCreateBean(AbstractAutowireCapableBeanFactory.java:593)
	at org.springframework.beans.factory.support.AbstractAutowireCapableBeanFactory.createBean(AbstractAutowireCapableBeanFactory.java:516)
	at org.springframework.beans.factory.support.AbstractBeanFactory.lambda$doGetBean$0(AbstractBeanFactory.java:324)
	at org.springframework.beans.factory.support.DefaultSingletonBeanRegistry.getSingleton(DefaultSingletonBeanRegistry.java:234)
	at org.springframework.beans.factory.support.AbstractBeanFactory.doGetBean(AbstractBeanFactory.java:322)
	at org.springframework.beans.factory.support.AbstractBeanFactory.getBean(AbstractBeanFactory.java:202)
	at org.springframework.beans.factory.support.DefaultListableBeanFactory.preInstantiateSingletons(DefaultListableBeanFactory.java:878)
	at org.springframework.context.support.AbstractApplicationContext.finishBeanFactoryInitialization(AbstractApplicationContext.java:879)
	at org.springframework.context.support.AbstractApplicationContext.refresh(AbstractApplicationContext.java:551)
	at org.springframework.test.context.web.AbstractGenericWebContextLoader.loadContext(AbstractGenericWebContextLoader.java:129)
	at org.springframework.test.context.web.AbstractGenericWebContextLoader.loadContext(AbstractGenericWebContextLoader.java:61)
	at org.springframework.test.context.support.AbstractDelegatingSmartContextLoader.delegateLoading(AbstractDelegatingSmartContextLoader.java:275)
	at org.springframework.test.context.support.AbstractDelegatingSmartContextLoader.loadContext(AbstractDelegatingSmartContextLoader.java:243)
	at org.springframework.test.context.cache.DefaultCacheAwareContextLoaderDelegate.loadContextInternal(DefaultCacheAwareContextLoaderDelegate.java:99)
	at org.springframework.test.context.cache.DefaultCacheAwareContextLoaderDelegate.loadContext(DefaultCacheAwareContextLoaderDelegate.java:124)
	... 27 more
Caused by: org.springframework.beans.factory.BeanCreationException: Error creating bean with name 'org.springframework.security.web.DefaultSecurityFilterChain#0': Cannot resolve reference to bean 'org.springframework.security.web.authentication.UsernamePasswordAuthenticationFilter#0' while setting constructor argument with key [4]; nested exception is org.springframework.beans.factory.BeanCreationException: Error creating bean with name 'org.springframework.security.web.authentication.UsernamePasswordAuthenticationFilter#0': Cannot resolve reference to bean 'org.springframework.security.authentication.ProviderManager#0' while setting bean property 'authenticationManager'; nested exception is org.springframework.beans.factory.BeanCreationException: Error creating bean with name 'org.springframework.security.authentication.ProviderManager#0': Cannot resolve reference to bean 'org.springframework.security.config.authentication.AuthenticationManagerFactoryBean#0' while setting constructor argument; nested exception is org.springframework.beans.factory.BeanCreationException: Error creating bean with name 'org.springframework.security.config.authentication.AuthenticationManagerFactoryBean#0': FactoryBean threw exception on object creation; nested exception is org.springframework.beans.factory.NoSuchBeanDefinitionException: No bean named 'org.springframework.security.authenticationManager' available: Did you forget to add a global <authentication-manager> element to your configuration (with child <authentication-provider> elements)? Alternatively you can use the authentication-manager-ref attribute on your <http> and <global-method-security> elements.
	at org.springframework.beans.factory.support.BeanDefinitionValueResolver.resolveReference(BeanDefinitionValueResolver.java:342)
	at org.springframework.beans.factory.support.BeanDefinitionValueResolver.resolveValueIfNecessary(BeanDefinitionValueResolver.java:113)
	at org.springframework.beans.factory.support.BeanDefinitionValueResolver.resolveManagedList(BeanDefinitionValueResolver.java:428)
	at org.springframework.beans.factory.support.BeanDefinitionValueResolver.resolveValueIfNecessary(BeanDefinitionValueResolver.java:173)
	at org.springframework.beans.factory.support.ConstructorResolver.resolveConstructorArguments(ConstructorResolver.java:690)
	at org.springframework.beans.factory.support.ConstructorResolver.autowireConstructor(ConstructorResolver.java:196)
	at org.springframework.beans.factory.support.AbstractAutowireCapableBeanFactory.autowireConstructor(AbstractAutowireCapableBeanFactory.java:1356)
	at org.springframework.beans.factory.support.AbstractAutowireCapableBeanFactory.createBeanInstance(AbstractAutowireCapableBeanFactory.java:1203)
	at org.springframework.beans.factory.support.AbstractAutowireCapableBeanFactory.doCreateBean(AbstractAutowireCapableBeanFactory.java:556)
	at org.springframework.beans.factory.support.AbstractAutowireCapableBeanFactory.createBean(AbstractAutowireCapableBeanFactory.java:516)
	at org.springframework.beans.factory.support.AbstractBeanFactory.lambda$doGetBean$0(AbstractBeanFactory.java:324)
	at org.springframework.beans.factory.support.DefaultSingletonBeanRegistry.getSingleton(DefaultSingletonBeanRegistry.java:234)
	at org.springframework.beans.factory.support.AbstractBeanFactory.doGetBean(AbstractBeanFactory.java:322)
	at org.springframework.beans.factory.support.AbstractBeanFactory.getBean(AbstractBeanFactory.java:202)
	at org.springframework.beans.factory.support.BeanDefinitionValueResolver.resolveReference(BeanDefinitionValueResolver.java:330)
	... 47 more
Caused by: org.springframework.beans.factory.BeanCreationException: Error creating bean with name 'org.springframework.security.web.authentication.UsernamePasswordAuthenticationFilter#0': Cannot resolve reference to bean 'org.springframework.security.authentication.ProviderManager#0' while setting bean property 'authenticationManager'; nested exception is org.springframework.beans.factory.BeanCreationException: Error creating bean with name 'org.springframework.security.authentication.ProviderManager#0': Cannot resolve reference to bean 'org.springframework.security.config.authentication.AuthenticationManagerFactoryBean#0' while setting constructor argument; nested exception is org.springframework.beans.factory.BeanCreationException: Error creating bean with name 'org.springframework.security.config.authentication.AuthenticationManagerFactoryBean#0': FactoryBean threw exception on object creation; nested exception is org.springframework.beans.factory.NoSuchBeanDefinitionException: No bean named 'org.springframework.security.authenticationManager' available: Did you forget to add a global <authentication-manager> element to your configuration (with child <authentication-provider> elements)? Alternatively you can use the authentication-manager-ref attribute on your <http> and <global-method-security> elements.
	at org.springframework.beans.factory.support.BeanDefinitionValueResolver.resolveReference(BeanDefinitionValueResolver.java:342)
	at org.springframework.beans.factory.support.BeanDefinitionValueResolver.resolveValueIfNecessary(BeanDefinitionValueResolver.java:113)
	at org.springframework.beans.factory.support.AbstractAutowireCapableBeanFactory.applyPropertyValues(AbstractAutowireCapableBeanFactory.java:1697)
	at org.springframework.beans.factory.support.AbstractAutowireCapableBeanFactory.populateBean(AbstractAutowireCapableBeanFactory.java:1442)
	at org.springframework.beans.factory.support.AbstractAutowireCapableBeanFactory.doCreateBean(AbstractAutowireCapableBeanFactory.java:593)
	at org.springframework.beans.factory.support.AbstractAutowireCapableBeanFactory.createBean(AbstractAutowireCapableBeanFactory.java:516)
	at org.springframework.beans.factory.support.AbstractBeanFactory.lambda$doGetBean$0(AbstractBeanFactory.java:324)
	at org.springframework.beans.factory.support.DefaultSingletonBeanRegistry.getSingleton(DefaultSingletonBeanRegistry.java:234)
	at org.springframework.beans.factory.support.AbstractBeanFactory.doGetBean(AbstractBeanFactory.java:322)
	at org.springframework.beans.factory.support.AbstractBeanFactory.getBean(AbstractBeanFactory.java:202)
	at org.springframework.beans.factory.support.BeanDefinitionValueResolver.resolveReference(BeanDefinitionValueResolver.java:330)
	... 61 more
Caused by: org.springframework.beans.factory.BeanCreationException: Error creating bean with name 'org.springframework.security.authentication.ProviderManager#0': Cannot resolve reference to bean 'org.springframework.security.config.authentication.AuthenticationManagerFactoryBean#0' while setting constructor argument; nested exception is org.springframework.beans.factory.BeanCreationException: Error creating bean with name 'org.springframework.security.config.authentication.AuthenticationManagerFactoryBean#0': FactoryBean threw exception on object creation; nested exception is org.springframework.beans.factory.NoSuchBeanDefinitionException: No bean named 'org.springframework.security.authenticationManager' available: Did you forget to add a global <authentication-manager> element to your configuration (with child <authentication-provider> elements)? Alternatively you can use the authentication-manager-ref attribute on your <http> and <global-method-security> elements.
	at org.springframework.beans.factory.support.BeanDefinitionValueResolver.resolveReference(BeanDefinitionValueResolver.java:342)
	at org.springframework.beans.factory.support.BeanDefinitionValueResolver.resolveValueIfNecessary(BeanDefinitionValueResolver.java:113)
	at org.springframework.beans.factory.support.ConstructorResolver.resolveConstructorArguments(ConstructorResolver.java:690)
	at org.springframework.beans.factory.support.ConstructorResolver.autowireConstructor(ConstructorResolver.java:196)
	at org.springframework.beans.factory.support.AbstractAutowireCapableBeanFactory.autowireConstructor(AbstractAutowireCapableBeanFactory.java:1356)
	at org.springframework.beans.factory.support.AbstractAutowireCapableBeanFactory.createBeanInstance(AbstractAutowireCapableBeanFactory.java:1203)
	at org.springframework.beans.factory.support.AbstractAutowireCapableBeanFactory.doCreateBean(AbstractAutowireCapableBeanFactory.java:556)
	at org.springframework.beans.factory.support.AbstractAutowireCapableBeanFactory.createBean(AbstractAutowireCapableBeanFactory.java:516)
	at org.springframework.beans.factory.support.AbstractBeanFactory.lambda$doGetBean$0(AbstractBeanFactory.java:324)
	at org.springframework.beans.factory.support.DefaultSingletonBeanRegistry.getSingleton(DefaultSingletonBeanRegistry.java:234)
	at org.springframework.beans.factory.support.AbstractBeanFactory.doGetBean(AbstractBeanFactory.java:322)
	at org.springframework.beans.factory.support.AbstractBeanFactory.getBean(AbstractBeanFactory.java:202)
	at org.springframework.beans.factory.support.BeanDefinitionValueResolver.resolveReference(BeanDefinitionValueResolver.java:330)
	... 71 more
Caused by: org.springframework.beans.factory.BeanCreationException: Error creating bean with name 'org.springframework.security.config.authentication.AuthenticationManagerFactoryBean#0': FactoryBean threw exception on object creation; nested exception is org.springframework.beans.factory.NoSuchBeanDefinitionException: No bean named 'org.springframework.security.authenticationManager' available: Did you forget to add a global <authentication-manager> element to your configuration (with child <authentication-provider> elements)? Alternatively you can use the authentication-manager-ref attribute on your <http> and <global-method-security> elements.
	at org.springframework.beans.factory.support.FactoryBeanRegistrySupport.doGetObjectFromFactoryBean(FactoryBeanRegistrySupport.java:176)
	at org.springframework.beans.factory.support.FactoryBeanRegistrySupport.getObjectFromFactoryBean(FactoryBeanRegistrySupport.java:101)
	at org.springframework.beans.factory.support.AbstractBeanFactory.getObjectForBeanInstance(AbstractBeanFactory.java:1828)
	at org.springframework.beans.factory.support.AbstractAutowireCapableBeanFactory.getObjectForBeanInstance(AbstractAutowireCapableBeanFactory.java:1265)
	at org.springframework.beans.factory.support.AbstractBeanFactory.doGetBean(AbstractBeanFactory.java:334)
	at org.springframework.beans.factory.support.AbstractBeanFactory.getBean(AbstractBeanFactory.java:202)
	at org.springframework.beans.factory.support.BeanDefinitionValueResolver.resolveReference(BeanDefinitionValueResolver.java:330)
	... 83 more
Caused by: org.springframework.beans.factory.NoSuchBeanDefinitionException: No bean named 'org.springframework.security.authenticationManager' available: Did you forget to add a global <authentication-manager> element to your configuration (with child <authentication-provider> elements)? Alternatively you can use the authentication-manager-ref attribute on your <http> and <global-method-security> elements.
	at org.springframework.security.config.authentication.AuthenticationManagerFactoryBean.getObject(AuthenticationManagerFactoryBean.java:59)
	at org.springframework.security.config.authentication.AuthenticationManagerFactoryBean.getObject(AuthenticationManagerFactoryBean.java:41)
	at org.springframework.beans.factory.support.FactoryBeanRegistrySupport.doGetObjectFromFactoryBean(FactoryBeanRegistrySupport.java:169)
	... 89 more

]]></system-err>
  </testcase>
  <testcase name="testAuthenticationWithCorrectUsernameAndPassword" classname="com.example.AppTest" time="0">
    <error message="Failed to load ApplicationContext" type="java.lang.IllegalStateException"><![CDATA[java.lang.IllegalStateException: Failed to load ApplicationContext
Caused by: org.springframework.beans.factory.BeanCreationException: Error creating bean with name 'org.springframework.security.filterChains': Cannot resolve reference to bean 'org.springframework.security.web.DefaultSecurityFilterChain#0' while setting bean property 'sourceList' with key [0]; nested exception is org.springframework.beans.factory.BeanCreationException: Error creating bean with name 'org.springframework.security.web.DefaultSecurityFilterChain#0': Cannot resolve reference to bean 'org.springframework.security.web.authentication.UsernamePasswordAuthenticationFilter#0' while setting constructor argument with key [4]; nested exception is org.springframework.beans.factory.BeanCreationException: Error creating bean with name 'org.springframework.security.web.authentication.UsernamePasswordAuthenticationFilter#0': Cannot resolve reference to bean 'org.springframework.security.authentication.ProviderManager#0' while setting bean property 'authenticationManager'; nested exception is org.springframework.beans.factory.BeanCreationException: Error creating bean with name 'org.springframework.security.authentication.ProviderManager#0': Cannot resolve reference to bean 'org.springframework.security.config.authentication.AuthenticationManagerFactoryBean#0' while setting constructor argument; nested exception is org.springframework.beans.factory.BeanCreationException: Error creating bean with name 'org.springframework.security.config.authentication.AuthenticationManagerFactoryBean#0': FactoryBean threw exception on object creation; nested exception is org.springframework.beans.factory.NoSuchBeanDefinitionException: No bean named 'org.springframework.security.authenticationManager' available: Did you forget to add a global <authentication-manager> element to your configuration (with child <authentication-provider> elements)? Alternatively you can use the authentication-manager-ref attribute on your <http> and <global-method-security> elements.
Caused by: org.springframework.beans.factory.BeanCreationException: Error creating bean with name 'org.springframework.security.web.DefaultSecurityFilterChain#0': Cannot resolve reference to bean 'org.springframework.security.web.authentication.UsernamePasswordAuthenticationFilter#0' while setting constructor argument with key [4]; nested exception is org.springframework.beans.factory.BeanCreationException: Error creating bean with name 'org.springframework.security.web.authentication.UsernamePasswordAuthenticationFilter#0': Cannot resolve reference to bean 'org.springframework.security.authentication.ProviderManager#0' while setting bean property 'authenticationManager'; nested exception is org.springframework.beans.factory.BeanCreationException: Error creating bean with name 'org.springframework.security.authentication.ProviderManager#0': Cannot resolve reference to bean 'org.springframework.security.config.authentication.AuthenticationManagerFactoryBean#0' while setting constructor argument; nested exception is org.springframework.beans.factory.BeanCreationException: Error creating bean with name 'org.springframework.security.config.authentication.AuthenticationManagerFactoryBean#0': FactoryBean threw exception on object creation; nested exception is org.springframework.beans.factory.NoSuchBeanDefinitionException: No bean named 'org.springframework.security.authenticationManager' available: Did you forget to add a global <authentication-manager> element to your configuration (with child <authentication-provider> elements)? Alternatively you can use the authentication-manager-ref attribute on your <http> and <global-method-security> elements.
Caused by: org.springframework.beans.factory.BeanCreationException: Error creating bean with name 'org.springframework.security.web.authentication.UsernamePasswordAuthenticationFilter#0': Cannot resolve reference to bean 'org.springframework.security.authentication.ProviderManager#0' while setting bean property 'authenticationManager'; nested exception is org.springframework.beans.factory.BeanCreationException: Error creating bean with name 'org.springframework.security.authentication.ProviderManager#0': Cannot resolve reference to bean 'org.springframework.security.config.authentication.AuthenticationManagerFactoryBean#0' while setting constructor argument; nested exception is org.springframework.beans.factory.BeanCreationException: Error creating bean with name 'org.springframework.security.config.authentication.AuthenticationManagerFactoryBean#0': FactoryBean threw exception on object creation; nested exception is org.springframework.beans.factory.NoSuchBeanDefinitionException: No bean named 'org.springframework.security.authenticationManager' available: Did you forget to add a global <authentication-manager> element to your configuration (with child <authentication-provider> elements)? Alternatively you can use the authentication-manager-ref attribute on your <http> and <global-method-security> elements.
Caused by: org.springframework.beans.factory.BeanCreationException: Error creating bean with name 'org.springframework.security.authentication.ProviderManager#0': Cannot resolve reference to bean 'org.springframework.security.config.authentication.AuthenticationManagerFactoryBean#0' while setting constructor argument; nested exception is org.springframework.beans.factory.BeanCreationException: Error creating bean with name 'org.springframework.security.config.authentication.AuthenticationManagerFactoryBean#0': FactoryBean threw exception on object creation; nested exception is org.springframework.beans.factory.NoSuchBeanDefinitionException: No bean named 'org.springframework.security.authenticationManager' available: Did you forget to add a global <authentication-manager> element to your configuration (with child <authentication-provider> elements)? Alternatively you can use the authentication-manager-ref attribute on your <http> and <global-method-security> elements.
Caused by: org.springframework.beans.factory.BeanCreationException: Error creating bean with name 'org.springframework.security.config.authentication.AuthenticationManagerFactoryBean#0': FactoryBean threw exception on object creation; nested exception is org.springframework.beans.factory.NoSuchBeanDefinitionException: No bean named 'org.springframework.security.authenticationManager' available: Did you forget to add a global <authentication-manager> element to your configuration (with child <authentication-provider> elements)? Alternatively you can use the authentication-manager-ref attribute on your <http> and <global-method-security> elements.
Caused by: org.springframework.beans.factory.NoSuchBeanDefinitionException: No bean named 'org.springframework.security.authenticationManager' available: Did you forget to add a global <authentication-manager> element to your configuration (with child <authentication-provider> elements)? Alternatively you can use the authentication-manager-ref attribute on your <http> and <global-method-security> elements.
]]></error>
    <system-err><![CDATA[Oct 03, 2023 8:56:17 AM org.springframework.security.config.SecurityNamespaceHandler <init>
INFO: Spring Security 'config' module version is 5.2.9.RELEASE
Oct 03, 2023 8:56:17 AM org.springframework.security.config.http.FilterInvocationSecurityMetadataSourceParser parseInterceptUrlsForFilterInvocationRequestMap
INFO: Creating access control expression attribute 'hasRole('ROLE_ADMIN')' for /admin**
Oct 03, 2023 8:56:17 AM org.springframework.security.config.http.AuthenticationConfigBuilder createLoginPageFilterIfNeeded
INFO: No login page configured. The default internal one will be used. Use the 'login-page' attribute to set the URL of the login page.
Oct 03, 2023 8:56:17 AM org.springframework.security.config.http.HttpSecurityBeanDefinitionParser checkFilterChainOrder
INFO: Checking sorted filter chain: [Root bean: class [org.springframework.security.web.context.SecurityContextPersistenceFilter]; scope=; abstract=false; lazyInit=null; autowireMode=0; dependencyCheck=0; autowireCandidate=true; primary=false; factoryBeanName=null; factoryMethodName=null; initMethodName=null; destroyMethodName=null, order = 200, Root bean: class [org.springframework.security.web.context.request.async.WebAsyncManagerIntegrationFilter]; scope=; abstract=false; lazyInit=null; autowireMode=0; dependencyCheck=0; autowireCandidate=true; primary=false; factoryBeanName=null; factoryMethodName=null; initMethodName=null; destroyMethodName=null, order = 400, Root bean: class [org.springframework.security.web.header.HeaderWriterFilter]; scope=; abstract=false; lazyInit=null; autowireMode=0; dependencyCheck=0; autowireCandidate=true; primary=false; factoryBeanName=null; factoryMethodName=null; initMethodName=null; destroyMethodName=null, order = 500, Root bean: class [org.springframework.security.web.authentication.logout.LogoutFilter]; scope=; abstract=false; lazyInit=null; autowireMode=0; dependencyCheck=0; autowireCandidate=true; primary=false; factoryBeanName=null; factoryMethodName=null; initMethodName=null; destroyMethodName=null, order = 800, <org.springframework.security.web.authentication.UsernamePasswordAuthenticationFilter#0>, order = 1200, Root bean: class [org.springframework.security.web.authentication.ui.DefaultLoginPageGeneratingFilter]; scope=; abstract=false; lazyInit=null; autowireMode=0; dependencyCheck=0; autowireCandidate=true; primary=false; factoryBeanName=null; factoryMethodName=null; initMethodName=null; destroyMethodName=null, order = 1400, Root bean: class [org.springframework.security.web.authentication.ui.DefaultLogoutPageGeneratingFilter]; scope=; abstract=false; lazyInit=null; autowireMode=0; dependencyCheck=0; autowireCandidate=true; primary=false; factoryBeanName=null; factoryMethodName=null; initMethodName=null; destroyMethodName=null, order = 1500, Root bean: class [org.springframework.security.web.authentication.www.BasicAuthenticationFilter]; scope=; abstract=false; lazyInit=null; autowireMode=0; dependencyCheck=0; autowireCandidate=true; primary=false; factoryBeanName=null; factoryMethodName=null; initMethodName=null; destroyMethodName=null, order = 1800, Root bean: class [org.springframework.security.web.savedrequest.RequestCacheAwareFilter]; scope=; abstract=false; lazyInit=null; autowireMode=0; dependencyCheck=0; autowireCandidate=true; primary=false; factoryBeanName=null; factoryMethodName=null; initMethodName=null; destroyMethodName=null, order = 1900, Root bean: class [null]; scope=; abstract=false; lazyInit=null; autowireMode=0; dependencyCheck=0; autowireCandidate=true; primary=false; factoryBeanName=org.springframework.security.config.http.HttpConfigurationBuilder$SecurityContextHolderAwareRequestFilterBeanFactory#0; factoryMethodName=getBean; initMethodName=null; destroyMethodName=null, order = 2000, Root bean: class [org.springframework.security.web.authentication.AnonymousAuthenticationFilter]; scope=; abstract=false; lazyInit=null; autowireMode=0; dependencyCheck=0; autowireCandidate=true; primary=false; factoryBeanName=null; factoryMethodName=null; initMethodName=null; destroyMethodName=null, order = 2300, Root bean: class [org.springframework.security.web.session.SessionManagementFilter]; scope=; abstract=false; lazyInit=null; autowireMode=0; dependencyCheck=0; autowireCandidate=true; primary=false; factoryBeanName=null; factoryMethodName=null; initMethodName=null; destroyMethodName=null, order = 2400, Root bean: class [org.springframework.security.web.access.ExceptionTranslationFilter]; scope=; abstract=false; lazyInit=null; autowireMode=0; dependencyCheck=0; autowireCandidate=true; primary=false; factoryBeanName=null; factoryMethodName=null; initMethodName=null; destroyMethodName=null, order = 2500, <org.springframework.security.web.access.intercept.FilterSecurityInterceptor#0>, order = 2600]
Oct 03, 2023 8:56:17 AM org.springframework.context.support.AbstractApplicationContext refresh
WARNING: Exception encountered during context initialization - cancelling refresh attempt: org.springframework.beans.factory.BeanCreationException: Error creating bean with name 'org.springframework.security.filterChains': Cannot resolve reference to bean 'org.springframework.security.web.DefaultSecurityFilterChain#0' while setting bean property 'sourceList' with key [0]; nested exception is org.springframework.beans.factory.BeanCreationException: Error creating bean with name 'org.springframework.security.web.DefaultSecurityFilterChain#0': Cannot resolve reference to bean 'org.springframework.security.web.authentication.UsernamePasswordAuthenticationFilter#0' while setting constructor argument with key [4]; nested exception is org.springframework.beans.factory.BeanCreationException: Error creating bean with name 'org.springframework.security.web.authentication.UsernamePasswordAuthenticationFilter#0': Cannot resolve reference to bean 'org.springframework.security.authentication.ProviderManager#0' while setting bean property 'authenticationManager'; nested exception is org.springframework.beans.factory.BeanCreationException: Error creating bean with name 'org.springframework.security.authentication.ProviderManager#0': Cannot resolve reference to bean 'org.springframework.security.config.authentication.AuthenticationManagerFactoryBean#0' while setting constructor argument; nested exception is org.springframework.beans.factory.BeanCreationException: Error creating bean with name 'org.springframework.security.config.authentication.AuthenticationManagerFactoryBean#0': FactoryBean threw exception on object creation; nested exception is org.springframework.beans.factory.NoSuchBeanDefinitionException: No bean named 'org.springframework.security.authenticationManager' available: Did you forget to add a global <authentication-manager> element to your configuration (with child <authentication-provider> elements)? Alternatively you can use the authentication-manager-ref attribute on your <http> and <global-method-security> elements.
Oct 03, 2023 8:56:17 AM org.springframework.test.context.TestContextManager prepareTestInstance
SEVERE: Caught exception while allowing TestExecutionListener [org.springframework.test.context.web.ServletTestExecutionListener@221af3c0] to prepare test instance [com.example.AppTest@4fdfa676]
java.lang.IllegalStateException: Failed to load ApplicationContext
	at org.springframework.test.context.cache.DefaultCacheAwareContextLoaderDelegate.loadContext(DefaultCacheAwareContextLoaderDelegate.java:132)
	at org.springframework.test.context.support.DefaultTestContext.getApplicationContext(DefaultTestContext.java:123)
	at org.springframework.test.context.web.ServletTestExecutionListener.setUpRequestContextIfNecessary(ServletTestExecutionListener.java:190)
	at org.springframework.test.context.web.ServletTestExecutionListener.prepareTestInstance(ServletTestExecutionListener.java:132)
	at org.springframework.test.context.TestContextManager.prepareTestInstance(TestContextManager.java:244)
	at org.springframework.test.context.junit4.SpringJUnit4ClassRunner.createTest(SpringJUnit4ClassRunner.java:227)
	at org.springframework.test.context.junit4.SpringJUnit4ClassRunner$1.runReflectiveCall(SpringJUnit4ClassRunner.java:289)
	at org.junit.internal.runners.model.ReflectiveCallable.run(ReflectiveCallable.java:12)
	at org.springframework.test.context.junit4.SpringJUnit4ClassRunner.methodBlock(SpringJUnit4ClassRunner.java:291)
	at org.springframework.test.context.junit4.SpringJUnit4ClassRunner.runChild(SpringJUnit4ClassRunner.java:246)
	at org.springframework.test.context.junit4.SpringJUnit4ClassRunner.runChild(SpringJUnit4ClassRunner.java:97)
	at org.junit.runners.ParentRunner$3.run(ParentRunner.java:290)
	at org.junit.runners.ParentRunner$1.schedule(ParentRunner.java:71)
	at org.junit.runners.ParentRunner.runChildren(ParentRunner.java:288)
	at org.junit.runners.ParentRunner.access$000(ParentRunner.java:58)
	at org.junit.runners.ParentRunner$2.evaluate(ParentRunner.java:268)
	at org.springframework.test.context.junit4.statements.RunBeforeTestClassCallbacks.evaluate(RunBeforeTestClassCallbacks.java:61)
	at org.springframework.test.context.junit4.statements.RunAfterTestClassCallbacks.evaluate(RunAfterTestClassCallbacks.java:70)
	at org.junit.runners.ParentRunner.run(ParentRunner.java:363)
	at org.springframework.test.context.junit4.SpringJUnit4ClassRunner.run(SpringJUnit4ClassRunner.java:190)
	at org.apache.maven.surefire.junit4.JUnit4Provider.execute(JUnit4Provider.java:365)
	at org.apache.maven.surefire.junit4.JUnit4Provider.executeWithRerun(JUnit4Provider.java:273)
	at org.apache.maven.surefire.junit4.JUnit4Provider.executeTestSet(JUnit4Provider.java:238)
	at org.apache.maven.surefire.junit4.JUnit4Provider.invoke(JUnit4Provider.java:159)
	at org.apache.maven.surefire.booter.ForkedBooter.invokeProviderInSameClassLoader(ForkedBooter.java:384)
	at org.apache.maven.surefire.booter.ForkedBooter.runSuitesInProcess(ForkedBooter.java:345)
	at org.apache.maven.surefire.booter.ForkedBooter.execute(ForkedBooter.java:126)
	at org.apache.maven.surefire.booter.ForkedBooter.main(ForkedBooter.java:418)
Caused by: org.springframework.beans.factory.BeanCreationException: Error creating bean with name 'org.springframework.security.filterChains': Cannot resolve reference to bean 'org.springframework.security.web.DefaultSecurityFilterChain#0' while setting bean property 'sourceList' with key [0]; nested exception is org.springframework.beans.factory.BeanCreationException: Error creating bean with name 'org.springframework.security.web.DefaultSecurityFilterChain#0': Cannot resolve reference to bean 'org.springframework.security.web.authentication.UsernamePasswordAuthenticationFilter#0' while setting constructor argument with key [4]; nested exception is org.springframework.beans.factory.BeanCreationException: Error creating bean with name 'org.springframework.security.web.authentication.UsernamePasswordAuthenticationFilter#0': Cannot resolve reference to bean 'org.springframework.security.authentication.ProviderManager#0' while setting bean property 'authenticationManager'; nested exception is org.springframework.beans.factory.BeanCreationException: Error creating bean with name 'org.springframework.security.authentication.ProviderManager#0': Cannot resolve reference to bean 'org.springframework.security.config.authentication.AuthenticationManagerFactoryBean#0' while setting constructor argument; nested exception is org.springframework.beans.factory.BeanCreationException: Error creating bean with name 'org.springframework.security.config.authentication.AuthenticationManagerFactoryBean#0': FactoryBean threw exception on object creation; nested exception is org.springframework.beans.factory.NoSuchBeanDefinitionException: No bean named 'org.springframework.security.authenticationManager' available: Did you forget to add a global <authentication-manager> element to your configuration (with child <authentication-provider> elements)? Alternatively you can use the authentication-manager-ref attribute on your <http> and <global-method-security> elements.
	at org.springframework.beans.factory.support.BeanDefinitionValueResolver.resolveReference(BeanDefinitionValueResolver.java:342)
	at org.springframework.beans.factory.support.BeanDefinitionValueResolver.resolveValueIfNecessary(BeanDefinitionValueResolver.java:113)
	at org.springframework.beans.factory.support.BeanDefinitionValueResolver.resolveManagedList(BeanDefinitionValueResolver.java:428)
	at org.springframework.beans.factory.support.BeanDefinitionValueResolver.resolveValueIfNecessary(BeanDefinitionValueResolver.java:173)
	at org.springframework.beans.factory.support.AbstractAutowireCapableBeanFactory.applyPropertyValues(AbstractAutowireCapableBeanFactory.java:1697)
	at org.springframework.beans.factory.support.AbstractAutowireCapableBeanFactory.populateBean(AbstractAutowireCapableBeanFactory.java:1442)
	at org.springframework.beans.factory.support.AbstractAutowireCapableBeanFactory.doCreateBean(AbstractAutowireCapableBeanFactory.java:593)
	at org.springframework.beans.factory.support.AbstractAutowireCapableBeanFactory.createBean(AbstractAutowireCapableBeanFactory.java:516)
	at org.springframework.beans.factory.support.AbstractBeanFactory.lambda$doGetBean$0(AbstractBeanFactory.java:324)
	at org.springframework.beans.factory.support.DefaultSingletonBeanRegistry.getSingleton(DefaultSingletonBeanRegistry.java:234)
	at org.springframework.beans.factory.support.AbstractBeanFactory.doGetBean(AbstractBeanFactory.java:322)
	at org.springframework.beans.factory.support.AbstractBeanFactory.getBean(AbstractBeanFactory.java:202)
	at org.springframework.beans.factory.support.DefaultListableBeanFactory.preInstantiateSingletons(DefaultListableBeanFactory.java:878)
	at org.springframework.context.support.AbstractApplicationContext.finishBeanFactoryInitialization(AbstractApplicationContext.java:879)
	at org.springframework.context.support.AbstractApplicationContext.refresh(AbstractApplicationContext.java:551)
	at org.springframework.test.context.web.AbstractGenericWebContextLoader.loadContext(AbstractGenericWebContextLoader.java:129)
	at org.springframework.test.context.web.AbstractGenericWebContextLoader.loadContext(AbstractGenericWebContextLoader.java:61)
	at org.springframework.test.context.support.AbstractDelegatingSmartContextLoader.delegateLoading(AbstractDelegatingSmartContextLoader.java:275)
	at org.springframework.test.context.support.AbstractDelegatingSmartContextLoader.loadContext(AbstractDelegatingSmartContextLoader.java:243)
	at org.springframework.test.context.cache.DefaultCacheAwareContextLoaderDelegate.loadContextInternal(DefaultCacheAwareContextLoaderDelegate.java:99)
	at org.springframework.test.context.cache.DefaultCacheAwareContextLoaderDelegate.loadContext(DefaultCacheAwareContextLoaderDelegate.java:124)
	... 27 more
Caused by: org.springframework.beans.factory.BeanCreationException: Error creating bean with name 'org.springframework.security.web.DefaultSecurityFilterChain#0': Cannot resolve reference to bean 'org.springframework.security.web.authentication.UsernamePasswordAuthenticationFilter#0' while setting constructor argument with key [4]; nested exception is org.springframework.beans.factory.BeanCreationException: Error creating bean with name 'org.springframework.security.web.authentication.UsernamePasswordAuthenticationFilter#0': Cannot resolve reference to bean 'org.springframework.security.authentication.ProviderManager#0' while setting bean property 'authenticationManager'; nested exception is org.springframework.beans.factory.BeanCreationException: Error creating bean with name 'org.springframework.security.authentication.ProviderManager#0': Cannot resolve reference to bean 'org.springframework.security.config.authentication.AuthenticationManagerFactoryBean#0' while setting constructor argument; nested exception is org.springframework.beans.factory.BeanCreationException: Error creating bean with name 'org.springframework.security.config.authentication.AuthenticationManagerFactoryBean#0': FactoryBean threw exception on object creation; nested exception is org.springframework.beans.factory.NoSuchBeanDefinitionException: No bean named 'org.springframework.security.authenticationManager' available: Did you forget to add a global <authentication-manager> element to your configuration (with child <authentication-provider> elements)? Alternatively you can use the authentication-manager-ref attribute on your <http> and <global-method-security> elements.
	at org.springframework.beans.factory.support.BeanDefinitionValueResolver.resolveReference(BeanDefinitionValueResolver.java:342)
	at org.springframework.beans.factory.support.BeanDefinitionValueResolver.resolveValueIfNecessary(BeanDefinitionValueResolver.java:113)
	at org.springframework.beans.factory.support.BeanDefinitionValueResolver.resolveManagedList(BeanDefinitionValueResolver.java:428)
	at org.springframework.beans.factory.support.BeanDefinitionValueResolver.resolveValueIfNecessary(BeanDefinitionValueResolver.java:173)
	at org.springframework.beans.factory.support.ConstructorResolver.resolveConstructorArguments(ConstructorResolver.java:690)
	at org.springframework.beans.factory.support.ConstructorResolver.autowireConstructor(ConstructorResolver.java:196)
	at org.springframework.beans.factory.support.AbstractAutowireCapableBeanFactory.autowireConstructor(AbstractAutowireCapableBeanFactory.java:1356)
	at org.springframework.beans.factory.support.AbstractAutowireCapableBeanFactory.createBeanInstance(AbstractAutowireCapableBeanFactory.java:1203)
	at org.springframework.beans.factory.support.AbstractAutowireCapableBeanFactory.doCreateBean(AbstractAutowireCapableBeanFactory.java:556)
	at org.springframework.beans.factory.support.AbstractAutowireCapableBeanFactory.createBean(AbstractAutowireCapableBeanFactory.java:516)
	at org.springframework.beans.factory.support.AbstractBeanFactory.lambda$doGetBean$0(AbstractBeanFactory.java:324)
	at org.springframework.beans.factory.support.DefaultSingletonBeanRegistry.getSingleton(DefaultSingletonBeanRegistry.java:234)
	at org.springframework.beans.factory.support.AbstractBeanFactory.doGetBean(AbstractBeanFactory.java:322)
	at org.springframework.beans.factory.support.AbstractBeanFactory.getBean(AbstractBeanFactory.java:202)
	at org.springframework.beans.factory.support.BeanDefinitionValueResolver.resolveReference(BeanDefinitionValueResolver.java:330)
	... 47 more
Caused by: org.springframework.beans.factory.BeanCreationException: Error creating bean with name 'org.springframework.security.web.authentication.UsernamePasswordAuthenticationFilter#0': Cannot resolve reference to bean 'org.springframework.security.authentication.ProviderManager#0' while setting bean property 'authenticationManager'; nested exception is org.springframework.beans.factory.BeanCreationException: Error creating bean with name 'org.springframework.security.authentication.ProviderManager#0': Cannot resolve reference to bean 'org.springframework.security.config.authentication.AuthenticationManagerFactoryBean#0' while setting constructor argument; nested exception is org.springframework.beans.factory.BeanCreationException: Error creating bean with name 'org.springframework.security.config.authentication.AuthenticationManagerFactoryBean#0': FactoryBean threw exception on object creation; nested exception is org.springframework.beans.factory.NoSuchBeanDefinitionException: No bean named 'org.springframework.security.authenticationManager' available: Did you forget to add a global <authentication-manager> element to your configuration (with child <authentication-provider> elements)? Alternatively you can use the authentication-manager-ref attribute on your <http> and <global-method-security> elements.
	at org.springframework.beans.factory.support.BeanDefinitionValueResolver.resolveReference(BeanDefinitionValueResolver.java:342)
	at org.springframework.beans.factory.support.BeanDefinitionValueResolver.resolveValueIfNecessary(BeanDefinitionValueResolver.java:113)
	at org.springframework.beans.factory.support.AbstractAutowireCapableBeanFactory.applyPropertyValues(AbstractAutowireCapableBeanFactory.java:1697)
	at org.springframework.beans.factory.support.AbstractAutowireCapableBeanFactory.populateBean(AbstractAutowireCapableBeanFactory.java:1442)
	at org.springframework.beans.factory.support.AbstractAutowireCapableBeanFactory.doCreateBean(AbstractAutowireCapableBeanFactory.java:593)
	at org.springframework.beans.factory.support.AbstractAutowireCapableBeanFactory.createBean(AbstractAutowireCapableBeanFactory.java:516)
	at org.springframework.beans.factory.support.AbstractBeanFactory.lambda$doGetBean$0(AbstractBeanFactory.java:324)
	at org.springframework.beans.factory.support.DefaultSingletonBeanRegistry.getSingleton(DefaultSingletonBeanRegistry.java:234)
	at org.springframework.beans.factory.support.AbstractBeanFactory.doGetBean(AbstractBeanFactory.java:322)
	at org.springframework.beans.factory.support.AbstractBeanFactory.getBean(AbstractBeanFactory.java:202)
	at org.springframework.beans.factory.support.BeanDefinitionValueResolver.resolveReference(BeanDefinitionValueResolver.java:330)
	... 61 more
Caused by: org.springframework.beans.factory.BeanCreationException: Error creating bean with name 'org.springframework.security.authentication.ProviderManager#0': Cannot resolve reference to bean 'org.springframework.security.config.authentication.AuthenticationManagerFactoryBean#0' while setting constructor argument; nested exception is org.springframework.beans.factory.BeanCreationException: Error creating bean with name 'org.springframework.security.config.authentication.AuthenticationManagerFactoryBean#0': FactoryBean threw exception on object creation; nested exception is org.springframework.beans.factory.NoSuchBeanDefinitionException: No bean named 'org.springframework.security.authenticationManager' available: Did you forget to add a global <authentication-manager> element to your configuration (with child <authentication-provider> elements)? Alternatively you can use the authentication-manager-ref attribute on your <http> and <global-method-security> elements.
	at org.springframework.beans.factory.support.BeanDefinitionValueResolver.resolveReference(BeanDefinitionValueResolver.java:342)
	at org.springframework.beans.factory.support.BeanDefinitionValueResolver.resolveValueIfNecessary(BeanDefinitionValueResolver.java:113)
	at org.springframework.beans.factory.support.ConstructorResolver.resolveConstructorArguments(ConstructorResolver.java:690)
	at org.springframework.beans.factory.support.ConstructorResolver.autowireConstructor(ConstructorResolver.java:196)
	at org.springframework.beans.factory.support.AbstractAutowireCapableBeanFactory.autowireConstructor(AbstractAutowireCapableBeanFactory.java:1356)
	at org.springframework.beans.factory.support.AbstractAutowireCapableBeanFactory.createBeanInstance(AbstractAutowireCapableBeanFactory.java:1203)
	at org.springframework.beans.factory.support.AbstractAutowireCapableBeanFactory.doCreateBean(AbstractAutowireCapableBeanFactory.java:556)
	at org.springframework.beans.factory.support.AbstractAutowireCapableBeanFactory.createBean(AbstractAutowireCapableBeanFactory.java:516)
	at org.springframework.beans.factory.support.AbstractBeanFactory.lambda$doGetBean$0(AbstractBeanFactory.java:324)
	at org.springframework.beans.factory.support.DefaultSingletonBeanRegistry.getSingleton(DefaultSingletonBeanRegistry.java:234)
	at org.springframework.beans.factory.support.AbstractBeanFactory.doGetBean(AbstractBeanFactory.java:322)
	at org.springframework.beans.factory.support.AbstractBeanFactory.getBean(AbstractBeanFactory.java:202)
	at org.springframework.beans.factory.support.BeanDefinitionValueResolver.resolveReference(BeanDefinitionValueResolver.java:330)
	... 71 more
Caused by: org.springframework.beans.factory.BeanCreationException: Error creating bean with name 'org.springframework.security.config.authentication.AuthenticationManagerFactoryBean#0': FactoryBean threw exception on object creation; nested exception is org.springframework.beans.factory.NoSuchBeanDefinitionException: No bean named 'org.springframework.security.authenticationManager' available: Did you forget to add a global <authentication-manager> element to your configuration (with child <authentication-provider> elements)? Alternatively you can use the authentication-manager-ref attribute on your <http> and <global-method-security> elements.
	at org.springframework.beans.factory.support.FactoryBeanRegistrySupport.doGetObjectFromFactoryBean(FactoryBeanRegistrySupport.java:176)
	at org.springframework.beans.factory.support.FactoryBeanRegistrySupport.getObjectFromFactoryBean(FactoryBeanRegistrySupport.java:101)
	at org.springframework.beans.factory.support.AbstractBeanFactory.getObjectForBeanInstance(AbstractBeanFactory.java:1828)
	at org.springframework.beans.factory.support.AbstractAutowireCapableBeanFactory.getObjectForBeanInstance(AbstractAutowireCapableBeanFactory.java:1265)
	at org.springframework.beans.factory.support.AbstractBeanFactory.doGetBean(AbstractBeanFactory.java:334)
	at org.springframework.beans.factory.support.AbstractBeanFactory.getBean(AbstractBeanFactory.java:202)
	at org.springframework.beans.factory.support.BeanDefinitionValueResolver.resolveReference(BeanDefinitionValueResolver.java:330)
	... 83 more
Caused by: org.springframework.beans.factory.NoSuchBeanDefinitionException: No bean named 'org.springframework.security.authenticationManager' available: Did you forget to add a global <authentication-manager> element to your configuration (with child <authentication-provider> elements)? Alternatively you can use the authentication-manager-ref attribute on your <http> and <global-method-security> elements.
	at org.springframework.security.config.authentication.AuthenticationManagerFactoryBean.getObject(AuthenticationManagerFactoryBean.java:59)
	at org.springframework.security.config.authentication.AuthenticationManagerFactoryBean.getObject(AuthenticationManagerFactoryBean.java:41)
	at org.springframework.beans.factory.support.FactoryBeanRegistrySupport.doGetObjectFromFactoryBean(FactoryBeanRegistrySupport.java:169)
	... 89 more

]]></system-err>
  </testcase>
</testsuite>